08:58:37 <strcat[m]> @room We're migrating to upgraded Matrix rooms without a bridge to freenode: #grapheneos-new:matrix.org #grapheneos-offtopic-new:matrix.org . Please join the new rooms and you can leave these legacy ones to stop being bothered by pings.
11:53:05 <strcat[m]> @room We're migrating to upgraded Matrix rooms without a bridge to freenode: #grapheneos-new:matrix.org #grapheneos-offtopic-new:matrix.org . Please join the new rooms and you can leave these legacy ones to stop being bothered by pings.
12:36:12 <strcat2> @room We're migrating to upgraded Matrix rooms without a bridge to freenode: #grapheneos-new:matrix.org #grapheneos-offtopic-new:matrix.org . Please join the new rooms and you can leave these legacy ones to stop being bothered by pings.
14:27:29 <strcat2> @room We're migrating to upgraded Matrix rooms without a bridge to freenode: #grapheneos-new:matrix.org #grapheneos-offtopic-new:matrix.org . Please join the new rooms and you can leave these legacy ones to stop being bothered by pings.
15:19:10 <strcat2> @room We're migrating to upgraded Matrix rooms without a bridge to freenode: #grapheneos-new:matrix.org #grapheneos-offtopic-new:matrix.org . Please join the new rooms and you can leave these legacy ones to stop being bothered by pings.
16:41:55 <strcat2> louipcm: just kicking the freenode ones btw
16:42:15 <louipcm> yea ghosts
16:42:21 <strcat2> need a bot that kicks all the @freenode_* users
16:42:41 <strcat2> it's harmless to kick one that's still in irc since they just eventually reappear
16:44:24 <louipcm> ok
16:47:00 <namarrgo1> you could just kick everyone on irc side strcat2
16:47:08 <namarrgo1> use chanserv to clear the channel
16:47:30 <namarrgo1> presumably everyone will at least notice that
16:51:13 <strcat2> namarrgo1: don't want to do that
16:51:28 <strcat2> namarrgo1: the issue is Matrix thinks people that are gone are still here
17:02:47 <strcat2> @room We're migrating to upgraded Matrix rooms without a bridge to freenode: #grapheneos-new:matrix.org #grapheneos-offtopic-new:matrix.org . Please join the new rooms and you can leave these legacy ones to stop being bothered by pings.
18:48:30 <strcat[m]> @room We're migrating to upgraded Matrix rooms without a bridge to freenode: #grapheneos-new:matrix.org #grapheneos-offtopic-new:matrix.org . Please join the new rooms and you can leave these legacy ones to stop being bothered by pings.
19:17:55 <strcat[m]> @room We're migrating to upgraded Matrix rooms without a bridge to freenode: #grapheneos-new:matrix.org #grapheneos-offtopic-new:matrix.org . Please join the new rooms and you can leave these legacy ones to stop being bothered by pings.
19:24:00 <Railgun_Lover[m]> Next step: ban everyone
19:41:30 <strcat[m]> ﻿@room We're migrating to upgraded Matrix rooms without a bridge to freenode: #grapheneos-new:matrix.org #grapheneos-offtopic-new:matrix.org . Please join the new rooms and you can leave these legacy ones to stop being bothered by pings.
19:54:42 <strcat> This room will continue to the exist for the time being but we're fully migrating to Matrix without a bridge to Freenode: #grapheneos:matrix.org #grapheneos-offtopic:matrix.org. We reserved #grapheneos and #grapheneos-offtopic on libera.chat but we'll be focusing on Matrix.
19:54:44 <strcat> After you move to #grapheneos-new:matrix.org / #grapheneos-offtopic-new:matrix.org (or the libera.chat IRC channels, but keep in mind they aren't bridged to the main rooms) you can leave here.
19:54:46 <strcat> https://www.vice.com/en/article/m7ev8y/freenode-open-source-korea-crown-prince-takeover
19:54:48 <strcat> If your Matrix client has the previous aliases cached with the old rooms, use #grapheneos-new:matrix.org and #grapheneos-offtopic-new:matrix.org as a workaround.
19:54:50 <strcat> if enough people are interested in the libera.chat #grapheneos and #grapheneos-offtopic rooms we'll figure out a leaner way to bridge it without having a bridge bot requiring mod powers in the Matrix room to invite/kick virtual irc users and kick Matrix users for lurking (really bad experience).
19:54:52 <strcat> There will be nothing beyond spam telling people to move to the new rooms here. We'll be focusing on the Matrix rooms.
19:55:31 <strcat> @ChanServ @strcat [][m]2 ^ abff[m] adeus[m] adry8314[lp] aeolism[m] afkkalma[m] agentgb[m] alekspinelski[m] alex[m]6 alzxjm[m] andrew0[m] aniphreak anonhat[m] anonymous_jacob[ AppAraat[m] aragorndr[m] AshB[m] aussiekez[m] axzph[m] bambam_666[m] bante[m] barfly21[m] bastinjasvi11[m] besamim5781[m] bethefriction[m] BifrostBot[m] bikeman1234[m] bobfett bobfett-backupac boogzeee[m]
19:55:32 <strcat> bornwild[m] bradgarlinghouse bradwinner[m] braxtono[m] broda721[m] buffmuffin[m] Buretto[m] cabillarie[m] came2complain[m] CaptainPicard[m] catacombs[m] catfish[m] charlie67j[m] chile09[m] chmod700[m] chrismachine[m] cliveptr[m] corrupted-user[m coxeter[m] crazycryptofreak crottor CryptRelay[m] cx2[m] cyberxyz[m] cypher[m] Cyrinux330138630 d-rav[m] dalvinchi[m] daniel[m]3 danielrf[m]
19:55:34 <strcat> dazinism deadlydata[m] depechesilence[m derrytavis[m] DHFuchsiaOSwhen dhsjwbbsjxndbs dig_nerds[m] dithher[m] djentosaurus[m] doittoit[m] doktorzhivago[m] dream123[m] dxrwzy9y[m] eliott13[m] Essjay[m] evoran[m] ewtrtojnrrfp[m] Exilion[m] fakhx[m] FBIListeningStat Fios[m] fkvodndh[m] flawedworld[m] floralshoppe[m]1 Floria[m] ForeverNoob[m] fpmksoba[m] fred` frontman[m] fsamevljan[m]
19:55:36 <strcat> fuchser[m] fyngraf[m] gaddybrick[m] giffgaff[m] globbot goldegg[m] Golli162IQinform google_ grapheneosisamaz hard_taffy[m] hasnoname[m] hemingr[m] Heuristik[m] hms_brexit[m] hueyGG hunter5[m] hypokeimenon[m] iantucenghi[m] iccedlemontea[m] iknowlessthanjon imlistic[m] jackflash89[m] jamesbrunet[m] jandroid[m] jeronath[m] jiji777[m] jimbo101aa[m] jimbrownski[m] Joe[m] john2gb0
19:55:38 <strcat> johndoe001[m] johntheripper[m] joltman[m] justanotherlurke justinhsa[m] kayront Koba[m] krogerinapaperba kryptonymous[m] ktqftzg8[m] l4akxeuzg1[m] legroslulu[m] leptrq91[m] Lestat[m] liptoner[m] lococovid007[m] louipc louipcm M1blob0-1[m] M2blind4u[m] m2rt3n[m] m2tu[m] M3manu31[m] m4g3nt4[m] M5pk5qqeq[m] M7M814[m] madaidan[m]1 Manjusri[m] mark4o marywood[m] maz62xubqgvnzmsc
19:55:40 <strcat> methodman[m] mightypoet[m] mishmasher[m] mistazaki[m] mk4y[m] mmcblk0[m] motovate[m] mrx777[m] mxnorvak[m] mz1922649320[m] namarrgo1 neioneio[m] nh-nh[m] nullnode[m] odkrwc3t[m] odnam10[m] olziel[m] OrganicPumpkin[m orz[m] osund ov48tsi p0lp0 p8tuahpirua5ra[m panoramics[m] paride15[m] PascalHuber[m] perlgod philnthropic[m] pikey[m] pnrxa preface-ranging[ psychologicaldam
19:55:42 <strcat> r8qwvgijb8p3hw[m RahoonGOAWAY[m] Railgun_Lover[m] rencugamob1981[m rheaalleen[m] rhizoma[m] RiotElement[m] Riverman[m] rnd3sb3g13rng[m] romimamo[m] royisoffthegrid[ rwarr627[m] safetyissues[m] sb13x[m] secrypt[m] sendapollo[m] senecow[m] ServerStatsDisco sfkj3938[m] ShayneTaylor[m] sheep[m] Sigyn simmered[m] sm5usm[m] sonofabitsch[m] squarmkt[m] squidward_snowde stealthdroid[m]
19:55:44 <strcat> strcat[m] surveillexxxx[m] telum[m] tent[m] Th0mas_ the0[PTIO][m] Tifriis[m] tkennedy365[m] tomirix[m] toto_____[m] tromp[m] troypatrick[m] trttl u29601mg6ba93j[m vdge[m] void125[m] wawi[m] whiskey0111[m] whynotj[m] wish_i_was_real[ wolfshappen wsahkgjhmma[m] yavgck[m] Yourmomuwu[m] zik3l0r[m] ziq
19:56:00 <strcat> This room will continue to the exist for the time being but we're fully migrating to Matrix without a bridge to Freenode: #grapheneos:matrix.org #grapheneos-offtopic:matrix.org. We reserved #grapheneos and #grapheneos-offtopic on libera.chat but we'll be focusing on Matrix.
19:56:02 <strcat> After you move to #grapheneos-new:matrix.org / #grapheneos-offtopic-new:matrix.org (or the libera.chat IRC channels, but keep in mind they aren't bridged to the main rooms) you can leave here.
19:56:04 <strcat> https://www.vice.com/en/article/m7ev8y/freenode-open-source-korea-crown-prince-takeover
19:56:06 <strcat> If your Matrix client has the previous aliases cached with the old rooms, use #grapheneos-new:matrix.org and #grapheneos-offtopic-new:matrix.org as a workaround.
19:56:08 <strcat> if enough people are interested in the libera.chat #grapheneos and #grapheneos-offtopic rooms we'll figure out a leaner way to bridge it without having a bridge bot requiring mod powers in the Matrix room to invite/kick virtual irc users and kick Matrix users for lurking (really bad experience).
19:56:10 <strcat> There will be nothing beyond spam telling people to move to the new rooms here. We'll be focusing on the Matrix rooms.
19:56:37 <strcat> https://www.devever.net/~hl/freenode_abuse
20:10:00 <Railgun_Lover[m]> <strcat "strcat surveillexxxx[m] telum te"> Nice you pinged yourself
20:10:13 <strcat[m]> twice
20:16:03 <Railgun_Lover[m]> <strcat[m] "twice"> Yes
21:40:36 <Railgun_Lover[m]> google_: join the new room
21:40:53 <Railgun_Lover[m]> This room is just a bunch of spam
21:46:18 <google_> hi
21:58:12 <louipc> there is a new room on libera.chat too if you are strictly IRC. but it wont be so active
23:55:17 <louipcm> Matrix Traveler (bot): #grapheneos-offtopic-new:matrix.org
