00:17:41 <akc3n[m]> <entry1 "Anyone see the Apple Event today"> This should be interesting. Thanks for news on that.
00:20:14 <GhostSplinterSix> Tempting...but Apple. 😜
01:32:51 <iccedlemontea[m]> Hey guys any calendar recommendations similar to google calendar?
01:33:22 <iccedlemontea[m]> Or should i just use google calendar but deny internet permissions
01:39:58 <dnull> I use simple calandar from f-droid
01:41:33 <iccedlemontea[m]> Is there a way to get it to remind me for an event without ringing off really loudly?
01:41:56 <dnull> I believe so
01:42:07 <dnull> I think it just uses the alarm volume
02:02:58 <cstrrider[m]> <dazinism "Got a cheap used ASUS MB168B dis"> Does this display have display link built in so you just have to plug the pixel 5 in with a standard USB?
02:38:07 <doittoit[m]> Interested in using SIP so that I can have multiple business lines on my pixel. Any experiences, recommendations? I heard Linphone was recommended elsewhere, but their privacy policy stinks.
02:57:06 <akc3n[m]> <doittoit[m] "Interested in using SIP so that "> Jami
02:57:22 <akc3n[m]> Or android's build in sip.
03:01:40 <Wonderfall[m]> <entry1 "Anyone see the Apple Event today"> The A14 (which can be seen as a stripped-down M1) is already super fast for most tasks. I'm comparing apples to oranges but it can tell it feels faster when browsing or editing photos in Affinity compared to my gaming rig.
03:03:40 <Wonderfall[m]> But yeah it's interesting. I already use my iPad as much as I can, since it has a decent security model (thanks to A14 + iOS). The more I can do in a secure environment, the better. Now I needs VSCode + Docker on it. :)
03:04:01 <Wonderfall[m]>  * But yeah it's interesting. I already use my iPad as much as I can, since it has a decent security model (thanks to A14 + iOS). The more I can do in a secure environment, the better. Now I need VSCode + Docker on it. :)
03:07:02 <doittoit[m]> <akc3n[m] "Or android's build in sip. "> Will check thx
03:14:36 <Railgun_Lover[m]> <Wonderfall[m] "The A14 (which can be seen as a "> You're not comparing apples to oranges
03:14:43 <Railgun_Lover[m]> You're comparing apples to apples
03:14:58 <Railgun_Lover[m]> Eh more like apple's to apple's
04:45:03 <Ed[m]2> It'd not about performance, it's about further locking down their hardware and ecosystem
04:45:22 <Ed[m]2> People installing Linux on their 2011 macs is the exact thing apple doesn't want to happen
05:04:41 <j-james[m]> <iccedlemontea[m] "Hey guys any calendar recommenda"> Perhaps Etar
05:04:58 <j-james[m]> There's an unofficial app recommendation list on a wiki somewhere
05:31:50 <banjo[m]> dazinism: a while ago i tried an usbc display and it didn't worked.  it's now supported?
07:04:09 <CrowmacMcCarthy[> <iccedlemontea[m] "Hey guys any calendar recommenda"> Simple Calendar. Proton Calendar should be released soon
07:04:43 <CrowmacMcCarthy[> * Simple Calendar. Proton Calendar should be released soon. It's currently only available for ProtonM subscribers
07:24:25 <theogrelord[m]> <CrowmacMcCarthy[ "Simple Calendar. Proton Calendar"> ProtonCalendar is released for free users, too. Notifications work on GrapheneOS.
07:26:26 <CrowmacMcCarthy[> <theogrelord[m] "ProtonCalendar is released for f"> Last time I used it it wasn't. Glad it is now available
07:29:19 <trismous[m]> <Wonderfall[m] "But yeah it's interesting. I alr"> Check out VS Code server.
07:29:43 <CrowmacMcCarthy[> ProtonCalendar is very nice app, beautiful interface
07:35:14 <trismous[m]> The problem I do have with the M1 iPad Pro is iPadOS actually. M1 gives you lots of performance. Performance I don't think can be used on the iPadOS. I do have iPad Air with A14 and I think already with this chip Apple is "pushing the limits" of the mobile OS. Yes, I like my iPad, it definitely is very good companion to my laptop. But still I think had they given it MacOS or iPadOS - desktop mode (at least),
07:35:14 <trismous[m]> it would be much more usable as a laptop replacement.
07:35:43 <trismous[m]>  * The problem I do have with the M1 iPad Pro is iPadOS actually. M1 gives you lots of performance. Performance which I don't think can be used on the iPadOS. I do have iPad Air with A14 and I think already with this chip Apple is "pushing the limits" of the mobile OS. Yes, I like my iPad, it definitely is very good companion to my laptop. But still I think had they given it MacOS or iPadOS - desktop mode (at
07:35:44 <trismous[m]> least), it would be much more usable as a laptop replacement.
07:51:21 <dazinism> cstrriderbanjo  has to be a monitor thats compatible https://www.displaylink.com/
07:52:02 <dazinism> Or I guess a displaylink docking station would allow you to use a different monitor??
07:53:04 <dazinism> The phone doesn't provide enough power to power up the monitor directly, so need a usb c hub to give the extra power
07:55:51 <dazinism> Should note that with my Pixel 3 the monitor can lag a bit at times behind the speed stuff happens on the phone
07:58:28 <dazinism> I guess a displaylink docking station will let you use a non displaylink monitor?
07:59:00 <dazinism> Haven't really looked at them
08:00:58 <dazinism> With my setup I don't find the lagging hugely annoying.
08:01:23 <dazinism> I first noticed it when I was testing it by playing a game
08:01:53 <dazinism> Where it was more noticeable / annoying.
08:03:31 <dazinism> Not sure if a more expensive/powerful displaylink monitor might not do that or if its due to combination of the phone/app/OS
08:04:22 <dazinism> Heres the details of mine
08:04:30 <dazinism> https://web.archive.org/web/20161117170605/http://www.asus.com/uk/Commercial-Monitors/MB168B/
08:04:42 <dazinism> It's a discontinued model
08:13:32 <catfish[m]> dazinism: do you have to use the displaylink app? And can you use a mouse/keyboard?
08:14:32 <dazinism> Yeah have to use the app. As well as the monitor I also plug usb keyboard and mouse into my usb c hub
08:17:26 <catfish[m]> Ace. I'd seen this page https://support.google.com/pixelphone/answer/2865484?hl=en-GB but I wonder if any displaylink hub would work. Will spend some pound notes and see because surely that's the most secure desktop I could get.
08:19:21 <dazinism> Other thing to note is sometimes the phone / app doesn't react when you plug the monitor in. It always works in the end with some unplugging replugging
08:26:36 <dazinism> catfish Also some secure/private apps don't trust the external.display. Most of them have settings to allow them to be shown on the display. Do a search in the logs of these channels for displaylink for more details
10:29:13 <withinfire[m]> hi, in the logs for this channel it looked like the Huawei AppGallery was mentioned. I guess those are de-Googled and could potentially be a solution for phones on GOS? Are people currently doing that? Or would we then have the problem of de-Huawei-ing it? :p
10:47:21 <catacombs[m]> any one have any knowledge getting data to work with GrapheneOS, specifically, how to edit an APN into phone.
10:47:44 <catacombs[m]> Mine has Verizon at the top of APN, and is greyed out.
10:49:13 <catacombs[m]> I have done chat with Google techs.  Carrier techs (Straight Talk) who think I should be able to directly type a new name in, that does not have Verizon at top.
10:49:47 <catacombs[m]> It is like the graphene phone is locked to Verizon.  It was purchased directly from Google Store as an Unlocked phone.
10:51:42 <catacombs[m]> Straight Talk is the carrier from WalMart and allows a number of different carriers.   In this area, CDMA works best, and indeed, it is a Verizon - Trac Fone I use.  Straight Talk insists the name in the APN must begin with Straight Talk   and then secondly have VZWINTERNET
10:52:36 <catacombs[m]> Google forum shows it is a common problem that Google Pixel do not automatically download APN's but do not offer any solution
10:53:13 <catacombs[m]> further I see one example of where the APN has a period entered between the first line and the second line.
10:53:27 <dazinism> catacombs: I think editing the APN is restricted by some carriers
10:54:07 <catacombs[m]> supposed to be an unlocked phone, unless Google Store slipped me the version of Google Pixel meant only for Verizon
10:54:31 <dazinism> The carrier settings are included in GrapheneOS
10:55:04 <catacombs[m]> Since this is a Graphene, and Data did start to work in Android.
10:56:05 <catacombs[m]> Where can I look to change the setting which locks me out of .  Might be I am not sitting under the Straight Talk Tower, and might be using someone elses cell tower to access network
10:56:31 <dazinism> Unfortunately the way carrier stuff is included / implemented is a mess. Different carriers do stuff in different ways
10:56:50 <catacombs[m]> It looks like, I could either roll it back to Android.   or spend a bunch of money buying another SIM card Data plan.
10:57:11 <dazinism> Its not just about APNs some carriers need other stuff included on the phone
10:57:39 <catacombs[m]> I suspect you are correct, that the APN also identifies a bunch of settings
10:58:04 <catacombs[m]> we used to have a number to dial to program a phone.
10:58:46 <dazinism> GrapheneOS grabs all this kind of stuff from the stock Pixels (as its not included in AOSP)
10:59:33 <catacombs[m]> I am out of money.  My usual older phone is about to be out of days of service.    and porting the number to the new phone , so I am told, means I must buy a new SIM card, new plan and call ST carrier before I start.
11:00:05 <catacombs[m]> I do not want to run
11:00:10 <catacombs[m]> Android.
11:00:16 <dazinism> There was a load of work done on GrapheneOS early this year which improved stuff considerably and issues like you are having have become far less common, but I guess unfortunately that doesn't help you.
11:00:59 <catacombs[m]> If i bit the bullet and returned the phone to the Google Store they would say I have irrivocably damaged their phone
11:01:22 <catacombs[m]> I will run out of days to return phone before the month of service goes out
11:02:10 <dazinism> You can flash the stock OS again and its exactly the same as when you got it.
11:02:14 <catacombs[m]> If I again, flashed the Pixel, with the SIM card out.   might that help
11:02:35 <catacombs[m]> I asked the Google tech support, they do not have download or flasher
11:02:43 <dazinism> I doubt it. Guess you could try just pulling out the SIM
11:03:04 <dazinism> See if you can set anything with no SIM inserted??
11:03:07 <catacombs[m]> said they do not support our flashing phones.
11:03:13 <dazinism> Guess unlikely
11:03:31 <catacombs[m]> I tried removing SIM turning phone on and off.
11:03:54 <dazinism> And highly likely all the APN stuff will change when you insert the sim
11:04:38 <catacombs[m]> I have not tried these solutions while trying to sit in a place, In my car, where I am pretty sure that the Straight Talk tower is right there
11:04:56 <dazinism> catacombs: yeah guess you are unlucky and its down to the way that carrier has implemented stuff
11:05:29 <catacombs[m]> I was hoping someone had some other way besides me spending money
11:05:53 <catacombs[m]> and has anyone actually have any experience rolling back to Android
11:06:04 <dazinism> Guess theres a chance things could change with an OS update
11:06:19 <dazinism> Loads of people have moved back to Stock
11:06:53 <catacombs[m]> I see some sites that say I have the version of Android you want.  hmmm.
11:07:31 <dazinism> catacombs: have a look in the logs of this room for how to flash stock
11:07:40 <dazinism> It's been discussed loads
11:08:17 <catacombs[m]> I guess I have not looked back far enough
11:08:20 <mysterytesty[m]> What kind of pixel you have ? Someone said on a forum that they put the sim in a Pixel 4 xl and changedthe APN to vzinternet and then put it in a pixel 4 and it worked ?
11:08:24 <dazinism> Theres a Google site that works in a similar way to the GrapheneOS web installer
11:08:46 <dazinism> catacombs: use the search function.
11:08:49 <catacombs[m]> I have a Pixel 4A with 5 G
11:10:17 <catacombs[m]> I see it flashes AOSP
11:10:25 <catacombs[m]> or Android
11:10:38 * mysterytesty[m] uploaded an image: (31KiB) < https://matrix.org/_matrix/media/r0/download/matrix.org/heQtpPMyqBprpFUmnKHqICYK/image.png >
11:10:40 <mysterytesty[m]> https://support.google.com/pixelphone/thread/22945723?hl=en
11:10:46 <dazinism> catacombs: have a search in https://freenode.logbot.info/grapheneos
11:10:54 <mysterytesty[m]> that was on a forum. seems he had the same issue as you
11:11:28 <somenerd[m]> > catacombs: have a look in the logs of this room for how to flash stock
11:11:28 <somenerd[m]> afaik, it's also on the GrapheneOS site
11:11:30 <dazinism> catacombs: it flashes stock android, the OS on the phone when you buy it
11:12:47 <catacombs[m]> at the bottom of the Graphen install is a button to uninstall the Graphene lock that, page says, must be removed to flash stock.  No advice about where to get stock or flash tool I can trust
11:12:47 <somenerd[m]> https://grapheneos.org/install/cli#replacing-grapheneos-with-the-stock-os
11:13:26 <catacombs[m]> I have never looked at the cli, just the webinstall
11:13:29 <dazinism> Ah sounds like its an issue in stock as well as GrapheneOS.  I would imagine Google would get it fixed pretty quick
11:14:01 <somenerd[m]> > I have never looked at the cli, just the webinstall
11:14:01 <somenerd[m]> I believe that there's a web install to revert to stock
11:14:16 <dazinism> Once Google releases the fix in their monthly update Graphene should also get it
11:14:40 <catacombs[m]> actually, it was odd, Data would not work in Android.  the google forum had someone say that Pixel will not automatically download APN
11:14:50 <somenerd[m]> https://flash.android.com
11:15:02 <somenerd[m]> afaik, this is the flash tool to revert to stock
11:15:19 <somenerd[m]> https://grapheneos.org/install/web#replacing-grapheneos-with-the-stock-os
11:16:30 <catacombs[m]> after a lot of trouble,  and a few days, it just started working.   I suspect someone on ST tech fixed the carrier.  Possibly, just fixing it so it would use Verizon.  and I am leery about trusting just anyones version of Android or flashing tool
11:17:35 <somenerd[m]> I think the GrapheneOS one should work fine
11:17:40 <catacombs[m]> I guess I could trust a google site
11:17:43 <somenerd[m]> since it'll revert to the Pixel stock
11:18:09 <somenerd[m]> (it doesn't flash anything, just removes the GrapheneOS third party key)
11:18:36 <catacombs[m]> I would rather find a way to get the Graphene working.  Data and one or two apps and I am fixed
11:19:04 <somenerd[m]> yeah, that's probably a better idea
11:19:17 <dazinism> It is somewhat bizarre that all the carriers do stuff in different weird ways making it hard for phones to support them, rather than all doing the same thing
11:21:58 <dazinism> Carriers in the US have been particularly bad. Sprint requires the phone to include software which effectively allows them to do anything.  Good job they are going/gone
11:22:17 <catacombs[m]> Some of this is about money.   That I have to have a new sim card and a new monthly plan to move a number, to the same carrier, seems off to me.  My Iphone on ST and the same CDMA, perhaps an older SIM model, says TFW LTE.
11:23:53 <catacombs[m]> I keep looking for info, I have searched a bit.  I am not at putting Android back on.  Does Flash work if I  remove SIM card.
11:24:04 <dazinism> GrapheneOS never connected to Sprint because they required phones to have this
11:24:06 <dazinism> https://en.m.wikipedia.org/wiki/OMA_Device_Management
11:25:19 <dazinism> I think Verizon does/did want something similar, not quite as bad. But would still work without it included.
11:27:04 <dazinism> catacombs: having a Sim card in or out the phone should not effect its ability to flash an operating system
11:27:41 <catacombs[m]> well some group has locked this phones APN,  Might be the Pixel model, the SIM card, The Carrier in some way.  I have been told that Trac Fone owns Verizon, which sounds off to me, and on or the other of them has the franchise with Wal Mart, Straight Talk.   but they are all in cahoots together
11:28:10 <catacombs[m]> and what I thought about not having SIM card in while doing Flash is so it would not lock APN before I had a chance to get to it.
11:28:54 <dazinism> Yeah it can get confusing. Generally theres a few carriers that own the infrastructure, other companies pay to use that infrastructure
11:29:32 <dazinism> Then some companies have more than one carrier brand
11:29:50 <catacombs[m]> Perhaps wiser is to accept the inevitable let my older Iphone service lapse.  With my next Social Security Payment, buy a new SIM card and plan.
11:29:52 <dazinism> And then theres carriers buying or merging with other carriers
11:31:10 <dazinism> Also often a carrier is owned by a bigger telecoms company
11:31:13 <catacombs[m]> Yeah,   I think Straight Techs are capable of fixing this, but really are required to get me to spring for another plan at $63.00
11:35:24 <catacombs[m]> I think it may be a matter of who makes management decisions.   When I got to east Texas, I asked an engineer which carrier to use.   He said, do not use Verizon.   At one time the company had a lot of really good technical people, who put together a really reliable dependable fast system..  Verizon was bought up by businesses, management types, who proceeded to use company to pillage and plunder.  Made a
11:35:25 <catacombs[m]> lot of money.  Because of an oddity in where I live.  Verizon is the only carrier which works well.   Other companies do not want to invest in towers for a low population density area
11:36:53 <catacombs[m]> Canada has some interesting cell phone laws.   Carriers are not allowed to sell phones.   So one can actually see the deal versus the price.
11:48:00 <Wonderfall[m]> <trismous[m] "The problem I do have with the M"> An iPad wouldn't be an iPad with macOS. iOS has a strong security model, and while macOS has SIP and an app sandbox model too, it doesn't come close in that aspect.
12:03:03 <pkgbuild[m]> How you set wireguard app?
12:05:17 <pkgbuild[m]> For public key I should use the one that give me the vpn provider or the one created by the app? Continues to say handshake failed idk what could I've set wrong
12:06:19 <akc3n[m]> <pkgbuild[m] "How you set wireguard app?"> Load your config files. May I ask why you're using the wireguard app over your VPN providers app?
12:12:10 <pkgbuild[m]> im using the wireguard app
12:14:44 <pkgbuild[m]> it says handshake didnt completed after 5 sec
12:17:04 <akc3n[m]> I'm not sure sorry. Maybe someone else can help you out, or the guys in #wireguard:matrix.org will reply to ya shortly.
12:18:11 <pkgbuild[m]> ty
12:22:11 <jpds> pkgbuild[m]: You have to ask your VPN provider, they should give you instructions on how to set it up
13:20:43 <fomijafi[m]> Yes, your VPN provider probably has wireguard config files you can load right into the wireguard app
14:23:57 <kaleresan> Hello, I couldn't find an answer searching online so I wanted to ask here: Does GrapheneOS support covid-19 Contact Tracing? More specifically does the "Corona Warn App" work with GrapheneOS?
14:25:31 <strcat[m]> it doesn't support it so it will only work if the app implements it itself
14:25:39 <strcat[m]> entirely possible to implement in an app
14:25:43 <strcat[m]> not included in the OS and won't be
15:25:34 <jj1013[m]> Why have Uber if you can just wait on the streets for a while and spot a cab.
15:25:34 <jj1013[m]> Get on my level ─ we don't use Uber. All we use is GMaps and there are replacements for that (OSM for example).
15:28:22 <jj1013[m]>  * Why have Uber if you can just wait on the streets for a while and spot a cab.
15:28:22 <jj1013[m]> Get on my level ─ we Venezuelans don't use Uber. All we use is GMaps and there are replacements for that (OSM for example).
15:28:22 <jj1013[m]> EDIT: defined "we"
15:38:30 <covid-1984[m]> jj1013.:  some places are colder than .ve ;)
15:39:47 <jj1013[m]> <covid-1984[m] "jj1013.:  some places are colder"> Really?
15:40:06 <covid-1984[m]> Indoor vs outdoor breadlines
16:27:03 <catacombs[m]> I am the person having problems starting data on Pixel 4A 5G, with Straight Talk , CDMA,  I just spoke for awhile with ST Tech, who decided my problem is that I need to enter another APN, which Graphene does not show me a means to do.  If I get to Edit APN, the first line on page is Verizon, which is greyed out, and that I can not change.  It does not allow me to enter a new APN.  ST tech suggests that I
16:27:03 <catacombs[m]> should see something to show a plus, or an "Add APN"
16:27:29 <catacombs[m]> Is it possible that the network, which should say Tracfone vzwentp
16:28:00 <catacombs[m]> being really Verizon, has a security issue with Verizon?   Anyone here successfully use Verizon
16:32:02 <catacombs[m]> If I changed to AT&T, would I be able to change the APN?  Or perhaps it would find the correct APN?   Right now it acts like the phone is locked to Verizon.   I am, again, Flashing Graphene with the SIM card out.  trying to see if the order of events will let me enter APN.   likely not.  If I can not use the phone on Straight Talk, CDMA.
16:52:29 <jj1013[m]> Well, apparently, my Element Desktop keyring somehow had an invalid key. I had to redownload for it to work again.
16:52:30 <jj1013[m]> Is this my HDD acting up?
16:54:21 <acronym[m]> <pkgbuild[m] "it says handshake didnt complete"> Try shorten the filename of your config file.
17:23:51 <noax8[m]> Hello. Is there someone that knows about a better camera than   opencamera? Another apk or mod to be useful in grapheneos and that can still use slow motion, cuase opencamera in my 3a is crashing the app.
17:33:04 <acronym[m]> <doittoit[m] "Interested in using SIP so that "> Does anyone know why some have concerns with Linphone's privacy policy?
18:07:42 <Telegram-Bridge> !Oleander has joined the Telegram Group!
18:07:54 <mistazaki[m]> has anyone ever tried this app? does it really work?
18:07:55 <mistazaki[m]> https://github.com/CellularPrivacy
18:10:01 <mistazaki[m]> * has anyone ever tried this app? does it really work?
18:10:01 <mistazaki[m]> https://github.com/CellularPrivacy/Android-IMSI-Catcher-Detector
18:18:26 <secrypt[m]> It reports rouge towers by cross referencing open cell tower databases
18:18:39 <secrypt[m]> In terms of protection, it does not offer any.
18:18:46 <secrypt[m]> Just detection capabilities here.
18:20:30 <mistazaki[m]> what does it detect?
18:21:02 <dnull> It tries to identify stingray devices
18:21:30 <mistazaki[m]> Stringray?
18:21:46 <secrypt[m]> False.
18:21:51 <dnull> Fake cell towers used to intercept communications
18:21:55 <secrypt[m]> It does not detect stingray devices.
18:22:06 <dnull> "Tries"
18:22:10 <secrypt[m]> It detects fake cell towers based of software's like yateBTS
18:22:32 <secrypt[m]> I actually can intercept your location / SMS / calls without this
18:22:42 <dnull> Ok
18:22:42 <secrypt[m]> You can do this via diameter remotely
18:23:04 <secrypt[m]> Graphene can protect your device but not your sim card 🤣
18:23:38 * mistazaki[m] uploaded an image: (59KiB) < https://matrix.org/_matrix/media/r0/download/matrix.org/wZffxRWbMLlPmXYHPSfAYDLv/Screenshot_20210422-022058.png >
18:23:51 <mistazaki[m]> No IMEI and Serial if use GO?
18:24:02 <secrypt[m]> Its obsolete, no more updates
18:24:07 <secrypt[m]> Doubt it will work on new devices.
18:27:02 <mistazaki[m]> I am trying to install this application on a regular android. it has a IMSI no, serial no, imei.
18:27:22 <mistazaki[m]> What mean?
18:31:12 <secrypt[m]> What android version are you truing to install on?
18:31:29 <mistazaki[m]> Android 10
18:35:54 <secrypt[m]> Try android 7 or 8
18:36:12 <secrypt[m]> 10 is to new for that application
18:37:55 <TheLoneWanderer4> A10 no longer allows apps to access persistent hardware identifiers such as IMEI as mentioned above by secrypt
18:39:06 <TheLoneWanderer4> You'll get a blank value or an exception (if you target SDK29+)
18:43:27 <mistazaki[m]> I see .. I think it's because GO really2 privacy. So all A10 no longer allows apps to access persistent hardware.
18:43:30 <mistazaki[m]> Thanks
18:45:47 <TheLoneWanderer4> A10 in general. Not only GOS
18:47:09 <cyborgninjaneer[> Sorry if I've asked this before, but is the Firebase API able to send out information without the help of a Google Play Services installation?
18:55:00 <strcat[m]> if an app has network access, any of the code is able to send data to anything
19:29:58 <covid-1984[m]> Wow... And it's the ones you don't hear about: https://lore.kernel.org/linux-nfs/YH%2FfM%2FTsbmcZzwnX⊙kc/ "University Banned From Contributing To Linux Kernel For Intentionally Inserting Bugs" is the article that featured it.
19:32:36 <secrypt[m]> 🤣
19:32:51 <secrypt[m]> Next thing will be that the university was funded by Russia.
19:36:00 <u5p4y[m]> Does desktop chromium have the same hardening as vanadium and bromite?
19:37:16 <u5p4y[m]> I meant, can it be applied to desktop.
19:45:54 <u5p4y[m]> * I meant, if it can be applied to desktop.
19:46:40 <secrypt[m]> Depends on if your talking about windows or Linux
19:47:01 <secrypt[m]> And generally desktops are less secure out the box.
19:47:22 <secrypt[m]> In terms of browsers. Most browser exploits occur on windows.
19:56:24 <onyxrubber> hey, which FOSS e-mail client do you recommend for gmail account?
19:58:42 <mrx777[m]> K9Mail via fdroid
19:59:58 <mrx777[m]> FairMail is also recommended
20:00:16 <onyxrubber> fairmail cant handle gmail
20:01:34 <secrypt[m]> The best email client for gmail is gmail.com with push notifications enabled
20:01:47 <covid-1984[m]> <onyxrubber "fairmail cant handle gmail"> works for me
20:01:59 <covid-1984[m]> Just use the github built
20:02:09 <covid-1984[m]> + "app passwords" with google
20:02:18 <covid-1984[m]> Cuz I'm sure you have 2FA on ;)
20:04:12 <onyxrubber> mrx777[m] k9mail keep showing me alert, the app has been made for older android versions
20:05:00 <onyxrubber> covid-1984[m] why does it works on github, and not on fdroid?
20:05:14 <covid-1984[m]> https://github.com/M66B/FairEmail/blob/master/FAQ.md#user-content-faq6
20:05:56 <onyxrubber> oh, ok
20:07:29 <Telegram-Bridge> <l​p4678> So are you able to use the phone as a desktop too?
20:08:24 <mrx777[m]> <Telegram-Bridge "<lp4678> So are you able to use "> Graphene?
20:09:51 <covid-1984[m]> I don't get why people want that... Just seems like the worst of two words. Never seen anyone be seriously productive on any setups like that.
20:09:51 <u5p4y[m]> <secrypt[m] "Depends on if your talking about"> Windows
20:09:57 <covid-1984[m]> Novelty I guess
20:10:23 <u5p4y[m]> <secrypt[m] "And generally desktops are less "> Yes
20:10:40 <onyxrubber> covid-1984[m] i'm just setting up my whole data I have. To move: 340 passwords from Google Chrome, and setting up mail directory to tutanota + 2FA on mails and bank accounts. Calendar, contacts etc.. It is taking so much time. For example I can't find where to delete amazon account. Meh.. I don't need the china departament of amazon :P
20:11:12 <u5p4y[m]> <secrypt[m] "In terms of browsers. Most brows"> My questions was if vanadium or bromite browser hardening can be applied to desktop chromium.
20:11:33 <u5p4y[m]> * My question was if vanadium or bromite browser hardening can be applied to desktop chromium.
20:12:13 <onyxrubber> maybe ultron-browser?
20:20:53 <hypokeimenon[m]>  340 passwords?
20:20:55 <hypokeimenon[m]> Wow.
20:21:21 <hypokeimenon[m]> Sounds like you've had a lot of adventures on the internet.
20:28:50 <onyxrubber> most of them are on 10minmail, or repeated like one service can make 7 rows..
20:30:14 <hypokeimenon[m]> Makes sense.
20:58:09 <CrowmacMcCarthy[> https://www.vice.com/en/article/k78q5y/signal-ceo-hacks-cellebrite-iphone-hacking-device-used-by-cops
20:58:26 <CrowmacMcCarthy[> https://signal.org/blog/cellebrite-vulnerabilities/
21:00:21 <CrowmacMcCarthy[> The virgin Cellebrite Vs the Chad Signal
21:03:12 <hypokeimenon[m]> If only they could apply that same humour and fire to implementing usernames.
21:04:23 <CrowmacMcCarthy[> <hypokeimenon[m] "If only they could apply that sa"> They should charge ppl for usernames
21:05:06 <CrowmacMcCarthy[> It could help make signal financially sustainable
21:05:23 <CrowmacMcCarthy[> And appeal to its privacy aware base
21:06:40 <Telegram-Bridge> <g​ochoingles> Folks, keep in mind.
21:06:48 <Telegram-Bridge> <g​ochoingles> Unless you are your own carrier,
21:07:14 <Telegram-Bridge> <g​ochoingles> there is absolutely NO WAY to protect you from your carrier.
21:07:19 <troypatrick[m]> Any recommendations for an app locker to lock individual apps that work on grapheneos
21:07:21 <Telegram-Bridge> <g​ochoingles> That's not how it works.
21:08:40 <jj1013[m]> <troypatrick[m] "Any recommendations for an app l"> What do you mean?
21:09:27 <troypatrick[m]> Like to pin protect an app
21:09:43 <troypatrick[m]> Gotta enter in a pin to access the app
21:10:07 <sign4l[m]> all apps with a different pin?
21:10:24 <troypatrick[m]> Or a single one
21:10:25 <dazinism> Put it in a different profile
21:10:32 <jj1013[m]> <troypatrick[m] "Like to pin protect an app"> Say, do you need that as a parent lock or as a security lock?
21:10:47 <jj1013[m]> <troypatrick[m] "Like to pin protect an app"> I don't know why the phone password is not enough.
21:10:47 <troypatrick[m]> Security
21:10:55 <dazinism> I don't think theres another way, unless the app has its own lock
21:11:09 <dazinism> You can launch apps from settings > apps
21:11:27 <jj1013[m]> <troypatrick[m] "Security"> Different profile will do.
21:11:29 <dazinism> Even if you use a launcher that had an app lock function
21:12:18 * troypatrick[m]  < https://matrix.org/_matrix/media/r0/download/matrix.org/JTnXEvBQMLpAfSKmvEGwTAIc/message.txt >
21:12:56 <dazinism> Use multi user function to create a secondary user profile
21:13:27 <dazinism> In settings > system
21:13:49 <dazinism> Advanced
21:14:20 <troypatrick[m]> And then?
21:14:26 <dazinism> https://hub.libranet.de/wiki/and-priv-sec/wiki/user-profiles
21:14:45 * jj1013[m]  < https://matrix.org/_matrix/media/r0/download/matrix.org/RviHOucirONHlGglZGDpOBPV/message.txt >
21:14:59 <dazinism> Install the app in the second user. Its kind of like having a different phone.
21:15:20 <jj1013[m]> Read https://grapheneos.org if you want clearer information directly from the developers.
21:15:28 <jj1013[m]> They have an FAQ.
21:15:39 <troypatrick[m]> Thanks!!!
21:15:52 <jj1013[m]> They explain how GrapheneOS works.
21:17:23 <sign4l[m]> please do not put microG into GrapheneOS
21:17:25 <jj1013[m]> <troypatrick[m] "Thanks!!!"> This is also the official website, so you could search for the "Downloads" website and jump to installing GrapheneOS either via CLI or Web Install using a flawless, updated tutorial.
21:18:27 <jj1013[m]> <sign4l[m] "please do not put microG into Gr"> Who's talking about microG right now?
21:18:36 <jj1013[m]> IIRC
21:19:29 <jj1013[m]> Man, I really hope the Telegram side can see all of those lines of text.
21:19:54 <Telegram-Bridge> <g​ochoingles> jj1013[m]: Sorry bloke. Can't see that.
21:20:07 <jj1013[m]> <Telegram-Bridge "<gochoingles> jj1013.: Sorry blo"> Oh, pity.
21:24:00 <helloworldkk87[m> <sign4l[m] "please do not put microG into Gr"> There will never be anything like MicroG
21:24:35 <sign4l[m]> very good 😄
21:24:55 <helloworldkk87[m> There will be a stub implementation of the entire Play services API but no actual service
21:27:47 <jj1013[m]> <CrowmacMcCarthy[ "https://www.vice.com/en/article/"> https://t.me/c/1254561567/2971
21:28:19 <jj1013[m]> <jj1013[m] "https://t.me/c/1254561567/2971"> Oh. So it really doesn't display.
21:29:46 <jj1013[m]> Why is it so hard to use a GIF in Element???
21:29:47 <jj1013[m]> I give up.
21:30:44 <Telegram-Bridge> <g​ochoingles> CrowmacMcCarthy: > Signal CEO hacks iPhone hacking device
21:30:47 <Telegram-Bridge> g​ochoingles shared a file (video/mp4) on Telegram with title: 'mp4.mp4'.
21:40:06 <jj1013[m]> What he sent: https://t.me/grapheneosofftopic/25490
21:40:14 <jj1013[m]>  * What the GIF is: https://t.me/grapheneosofftopic/25490
22:31:45 <Cliff[m]> What are the pros and cons of downloading signal from aurora store instead of official apk from signal.org ?
22:34:12 <jj1013[m]> <Cliff[m] "What are the pros and cons of do"> You end up having to trust Google.
22:34:27 <jj1013[m]> <Cliff[m] "What are the pros and cons of do"> Why don't you use https://molly.im?
22:37:47 <skwisgaar[m]> Cliff: signal apk will prompt you when a new update is out. Aurora store version (google play) doesn’t have that functionality.
22:38:21 <skwisgaar[m]> Functionality of the app is the same otherwise
22:43:33 <sign4l[m]> On GrapheneOS I get the message there is an update and I get the update...
22:52:54 <Telegram-Bridge> <!Hulk> Which GrapheneOS features will (probably) never arrive upstream?
22:53:20 <Telegram-Bridge> <!Hulk> and why?
22:54:01 <Telegram-Bridge> <g​ochoingles> root.
22:54:20 <Telegram-Bridge> <g​ochoingles> It is a huge downgrade in security, for which reason GrapheneOS avoids it at all costs.
22:55:11 <Telegram-Bridge> <!Hulk> Nope dude, you didn't understand my question
22:56:10 <Telegram-Bridge> <!Hulk> Which GrapheneOS feature will (probably) never arrive at upstream stock Android?
22:56:28 <Telegram-Bridge> <g​ochoingles> OH.
22:57:51 <Cliff[m]> <skwisgaar[m] "Cliff: signal apk will prompt yo"> I have been waiting for the auto update for the apk a couple weeks and still nothing do you know what might be the problem
23:00:02 <Telegram-Bridge> <g​ochoingles> Most likely LTE-only mode.
23:04:04 <Telegram-Bridge> <!Hulk> Yeah, that's quite probable, but at least for me, LTE-only mode is not really usable
23:16:27 <skwisgaar[m]> Cliff: I have experienced that in the past, so I just switched to the aurora version. I don’t know what the issue is.
23:17:02 <skwisgaar[m]> Are you sure there is a newer version available?
23:17:17 <skwisgaar[m]> Auto update seems like it works for most people
23:17:48 <pkgbuild[m]> <dazinism "Install the app in the second us"> When I tried to install an app it say I can't install app from untrusted source's
23:20:15 <Cliff[m]> <skwisgaar[m] "Are you sure there is a newer ve"> Yes i crosscheck to aurora store in other profile
23:20:32 <Cliff[m]> I am stil running 5.5.5
23:25:28 * southwest[m]  < https://matrix.org/_matrix/media/r0/download/matrix.org/HCzUuxXpiyHNtxxvnoZVIdIU/message.txt >
23:41:28 <jpds> Cliff[m]: Weird, I use the apk from the signal site and I'm on 5.7.6
23:45:23 <TheJollyRoger> @Hulk - features that won't arrive upstream likely include the hardened memory allocator, exec spawning, the hardened application runtime, network and sensors permission toggles, and hardened kernel and hardened libc. These changes will likely break some backwards compatibility.
23:47:29 <TheJollyRoger> In fast, modern, flagship phones, they have a near-negligible performance impact, but on extremely budget devices and older SoCs that are severely resource constrained, they also do also carry a perceptible performance impact, which some people will make a big deal out of, and let's not kid ourselves, a lot of android phones on the market today by the numbers are usually cheap budget
23:47:32 <TheJollyRoger> phones that are made by the lowest bidding ODM.
23:48:20 <TheJollyRoger> The network and sensors permission toggles are also forbidden by the Android compatibility documentation and standard, GrapheneOS deliberately chose to break away from the standard there.
23:50:43 <TheJollyRoger> Although this is not specific to GrapheneOS, Seedvault also will likely never be adopted upstream, simply as Google has their own backup system in place that ties the handset to the user's Google Account, and the need for a local, encrypted backup system is not seen as particularly desirable to them when they already treat the user's Google account as the root of trust for the phone.
23:53:11 <TheJollyRoger> Upstream has a very fine balancing act to meet: they need to cater to reverse compatibility, but they also need to bear in mind that Android isn't going to be running on ultrafast flagship phones, and it's likely going to be utilized by large numbers of embedded, low-power devices and older SoCs, as well as large numbers of cheap budget phones, many of which are on older generation
23:53:13 <TheJollyRoger> chips with substantially less memory, slower processors, and slower, older flash, or even eMMC storage rather than proper SSDs.
23:53:31 <Cliff[m]> <jpds "Cliff: Weird, I use the apk from"> I tried downloading a never version from the site before 5.5.5 and still no autoupdate do you use a vpn?
23:53:40 <TheJollyRoger> Since that's not a concern for us, GrapheneOS can afford to cut the past loose in favour of greater security.
23:53:55 <TheJollyRoger> Upstream isn't likely to make the same choice anytime soon, though.
23:54:47 <Cliff[m]> Does anyone know how many people use molly i cant find alot of info on it online is it rather new?
23:55:06 <TheJollyRoger> **when they already treat the user's Google account as the root of trust, for that particular user, on that device.
23:55:11 <Cliff[m]> Molly is nice that it updates through f droid
23:55:41 <TheJollyRoger> @!Hulk I hope this explains it, a little bit.
23:59:01 <Telegram-Bridge> <!Hulk> Wow, thanks for the detailed answer TheJollyRoger! The amount of work done in GrapheneOS Project is really amazing. Let's keep the ship floating P.-)
23:59:57 <TheJollyRoger> Yarr!
