00:02:01 <cynthiasakurai[4> Just so I know in advance, how's the pixel 4 xl with graphene? I'm planning to get one but it's apparently in experimental stages so I'm unsure if that means it's unstable or what specifically other than basically being an alpha test
01:35:21 <aeonsolution[m]> cdesai: what was the fix?!
01:38:29 <aeonsolution[m]> them upstreaming the fix is the best route, would an alternative been to pull it from google maven <https://developer.android.com/studio/command-line/aapt2#download_aapt2>?
02:25:05 <aeonsolution[m]> cynthiasakurai: the projected is severely understaffed with devs. strcat, anupritaisno1, and maybe 1 or 2 other people are trying their best to migrate the kernel patches from Android 10 to Android 11 for GrapheneOS. https://grapheneos.org/faq#recommended-devices. This alone is a lot of work and would be great. I encourage you and anyone else trying to see where the status of the project is to either check the
02:25:05 <aeonsolution[m]> logs https://freenode.logbot.info/grapheneos or review the changelog https://grapheneos.org/releases#changelog
02:26:01 <aeonsolution[m]> Everything is there and open for anyone to see. There is an enormous amount of interest from the community but not so much in help. We also lack dedicated testers.
02:26:29 <userrioter[m]> How can we help the project if we don’t know coding and can’t donate funds? If we’re bilingual can we do any translating work or anything else?
02:26:42 <aeonsolution[m]>  * [correction] cynthiasakurai: the projected is severely understaffed with devs. strcat, anupritaisno1, and maybe 1 or 2 other people are trying their best to migrate the kernel patches from Android 10 to Android 11 for GrapheneOS. https://grapheneos.org/faq#recommended-devices. This alone is a lot of work. I encourage you and anyone else trying to see where the status of the project is to either check the logs
02:26:42 <aeonsolution[m]> https://freenode.logbot.info/grapheneos or review the changelog https://grapheneos.org/releases#changelog
02:29:15 <aeonsolution[m]> <userrioter[m] "How can we help the project if w"> Use the beta channel and report bugs. Learn how to use logcat https://developer.android.com/studio/command-line/logcat
02:29:47 <userrioter[m]> Thanks! Any other ways we can help?
02:29:50 <aeonsolution[m]> to create and report issues on these projects https://grapheneos.org/contact#reporting-issues
02:30:03 <aeonsolution[m]> money helps too
02:30:11 <cn3m[m]> <userrioter[m] "Thanks! Any other ways we can he"> just dive in and learn code working on the project
02:30:25 <cn3m[m]> I have a super simple issue you could work on
02:30:35 <userrioter[m]> What if we’re terrible at math. Wouldn’t that hinder coding?
02:30:40 <aeonsolution[m]> it doesn't have to be substantial, 5 bucks from everyone here would go a long way
02:31:24 <cn3m[m]> https://github.com/GrapheneOS/Vanadium/issues/30 userrioter:
02:31:27 <cn3m[m]> <userrioter[m] "What if we’re terrible at math. "> no
02:32:47 <cn3m[m]> userrioter: fix that issue(which is insanely easy) and then move onto something else
02:33:19 <aeonsolution[m]> The interest is very exciting and promising, but the project needs hands-on support from the community to move forward.
02:33:44 <aeonsolution[m]> Wishful thinking isn't enough
02:34:52 <nickcalyx[m]> > How can we help the project if we don’t know coding and can’t donate funds? If we’re bilingual can we do any translating work or anything else?
02:34:52 <nickcalyx[m]> What language
02:35:05 * userrioter[m] sent a long message:  < https://matrix.org/_matrix/media/r0/download/matrix.org/wyjRTkcekaMrJLTVqOeujpYT >
02:36:12 <nickcalyx[m]> I really think every project should do translation but my understanding is that Daniel thinks its unsustainable given the resources this project has at the moment
02:36:40 <nickcalyx[m]> if you want, you could help translate SeedVault though which is part of Graphene
02:37:49 <userrioter[m]> <nickcalyx[m] "I really think every project sho"> How do I do that?
02:38:41 <nickcalyx[m]> go to https://hosted.weblate.org/projects/calyxos/
02:38:50 <nickcalyx[m]> make an account, start translating :)
02:39:26 <strcat[m]> unlocking works the same as always
02:39:34 <strcat[m]> search for a recent discussion about it here
02:41:47 <aeonsolution[m]> strcat: cdesai found the answer to the issue with the bundle, did he share any details with you by any chance. i would really like to push the fix to Vanadium.
02:42:11 <strcat[m]> aeonsolution: that's done already but it may make sense to use the apk build target he made instead
02:42:33 <strcat[m]> for now just going to stick to the bundle target
02:42:47 <userrioter[m]> <nickcalyx[m] "go to https://hosted.weblate.org"> Awesome, thanks!
02:43:14 * userrioter[m] sent a long message:  < https://matrix.org/_matrix/media/r0/download/matrix.org/uLetdbsSrHNHLnSszUixwSxW >
02:43:33 <nickcalyx[m]> I'd prefer not to go it that way
02:43:38 <nickcalyx[m]> to do
02:43:59 <nickcalyx[m]> we have a native spanish speaker from valencia who offered to do the spanish but she didn't get to it yet
02:44:33 <nickcalyx[m]> every translation we have so far is from native speakers.  some of it is pretty precise stuff about safety, security and the possibility of losing data so it would be bad if it was a poor translation
02:44:38 <userrioter[m]> <cn3m[m] "https://github.com/GrapheneOS/Va"> I checked it out and am pretty lost. I can manage GUIs and copy and paste command lines but more than that, I know next to nothing on the programming side 😭
02:45:38 <cn3m[m]> userrioter: the logo is in this folder chrome/app/theme/default_100_percent/chromium/
02:45:53 <cn3m[m]> it is addressed in this html file  about_version.html
02:46:04 <userrioter[m]> <nickcalyx[m] "we have a native spanish speaker"> Makes sense. I’m a native Spanish speaker and took classes too. So would she be the dedicated person for those translations or is it still fine if I pitch in?
02:46:09 <cn3m[m]> it is very good for a beginner
02:47:34 <aeonsolution[m]> <strcat[m] "aeonsolution: that's done alread"> thats good news strcat. i hadn't checked the project, thats a relief. i'll create an issue for the apk build target in case issues with the android bundle come up again.
02:49:46 <nickcalyx[m]> <userrioter[m] "Makes sense. I’m a native Spanis"> it's fine to pitch in if Spanish is your native language
02:50:20 <strcat[m]> aeonsolution: don't really want to have an issue
02:50:28 <strcat[m]> aeonsolution: I reverted the commit adding the apk build target
02:50:33 <strcat[m]> I extended it to work for 6432
02:50:37 <strcat[m]> but I don't want to maintain it
03:02:51 <userrioter[m]> <nickcalyx[m] "it's fine to pitch in if Spanish"> nickcalyx: If my Spanish is from Latin America, should I choose to translate “Spanish” or “Spanish American”? I suppose the latter?
03:03:12 * userrioter[m] uploaded an image: ima_7820270.jpeg (226KB) < https://matrix.org/_matrix/media/r0/download/matrix.org/ZKXLoRoWHKFPoxgsAFyzYqJh >
03:36:04 <nickcalyx[m]> I dont know.  I dont even know why we have both. I think we just copied the list of languages from lineage
03:44:52 <cdesai[m]> Spanish America is supposed to be for the US
03:45:12 <cdesai[m]> This list is supposed to match the language options on the device
03:45:57 <cdesai[m]> <userrioter[m] "nickcalyx: If my Spanish is from"> Which one would you use on your phone?
04:08:51 <cloudy> is there a list of closed-source apps that work just fine on grapheneos...or perhaps with microg as well?
04:15:11 <jneplokh> 1. Don't use MicroG with GOS
04:15:32 <jneplokh> 2. As long as there is no hard dependency on Play Services, downloading the apk should work
04:32:53 <nickcalyx[m]> > is there a list of closed-source apps that work just fine on grapheneos...or perhaps with microg as well?
04:32:54 <nickcalyx[m]> Maybe you should start the list
04:35:53 <cloudy> 2mil+ apps, but ill gladly start somewhere if no one else will
04:36:33 <cloudy> i still dont have a microg or even GOS device, and am trying to choose among the few forks with similar goals
04:36:42 <cloudy> lineageos-microg and /e/
05:05:34 <userrioter[m]> <cdesai[m] "Which one would you use on your "> I presume that “Spanish” refers to one of Spain’s dialects. The few differences are very minute though. Is there any way that these can just be combined to one to save the manual labor of repeating the translations for both versions?
05:07:26 <userrioter[m]> * > <@cdesai:matrix.org> Which one would you use on your phone?
05:07:26 <userrioter[m]> I presume that “Spanish” refers to one of Spain’s dialects. The few differences between Spain’s Spanish and Latin America’s proper Spanish are very minute though. Is there any way that these can just be combined to one to save the manual labor of repeating the translations for both versions?
05:07:58 <cdesai[m]> <userrioter[m] "I presume that “Spanish” refers "> AOSP already has both, which is why we stick with this. I think weblate has something to share strings but I’m not 100% sure about how it works
05:08:56 <cdesai[m]> I’d just translate whatever you’d use when you setup your phone. I see more regions in aosp settings but these are the two that have translations in aosp already
05:10:01 <userrioter[m]> Got it 👍
05:39:19 <cloudy> jneplokh: 1. Don't use MicroG with GOS - is this simply not on the roadmap at all? i know GOS isnt copperheados but there used to be a microg fork/deriv of copperheados called cottonmouthos https://forum.xda-developers.com/pixel/development/rom-copperheados-opm1-171019-016-t3757111
05:39:33 <cloudy> is any of that work reusable on GOS?
05:39:48 <jneplokh> If you really need to use MicroG, go with CalyxOS instead
05:40:33 <cloudy> perhaps you have a comparison matrix between all of these? im noticing even rattlesnakeos has a microg repo...
05:41:25 <jneplokh> I do not have such a comparison table, but generally everyone here only recommends GOS, CalyxOS, or iOS
05:41:50 <jneplokh> If you have a need for MicroG, just go with CalyxOS
05:46:23 <cloudy> or ios!
05:46:28 <cloudy> thats dif
05:47:00 <cloudy> lineageos-microg and /e/ with microg?
05:47:21 <cloudy> i can search logs and find criticism of these two in this channel?
05:48:25 <cn3m[m]> cloudy: the main issue is that Lineage and /e/ break the Android security model
05:48:44 <cloudy> im seeing calyx financial report...thats a lot of funding, not bad
05:49:00 <cn3m[m]> from weakening the sandbox, to removing verified boot, rollback protection, and usability of remote attestation
05:49:26 <cn3m[m]> They also have inaccurate patch levels
05:49:29 <cloudy> and rattlesnake then? not ready/deeppocketed/too few devs?
05:49:33 <jneplokh> <cloudy "i can search logs and find criti"> You sure can ;)
05:49:49 <cn3m[m]> cloudy: rattlesnakeOS is fine :)
05:50:25 <cn3m[m]> GrapheneOS and CalyxOS are generally the recommendation as they are more well rounded with strong dev teams
05:51:03 <cloudy> does calyx pay devs? the institute has a cool million
05:51:19 <cn3m[m]> GrapheneOS and iOS if you need maximum security and privacy features. CalyxOS and GrapheneOS if you need maximum freedom. iOS and CalyxOS for maximum compatibility
05:51:26 <cloudy> how did devs here choose to help here vs the other 2  (calyx and rattle
05:51:46 <cloudy> compat?
05:51:48 <overheadscallop[> all of the projects have different goals
05:51:52 <cn3m[m]> <cloudy "how did devs here choose to help"> can you rephrase that?
05:52:07 <overheadscallop[> but they all collaborate
05:52:15 <cloudy> why not join/help/dev on the rattlesnake project if its also fine
05:52:40 <overheadscallop[> the point of rattlesnake is to build AOSP easily in the cloud
05:52:43 <cloudy> i dont even see a rattlesnakeos irc channel...why was this project left to be less popular
05:52:45 <cn3m[m]> you can't go wrong with GrapheneOS, CalyxOS, iOS, or RattlesnakeOS
05:52:59 <cn3m[m]> <cloudy "i dont even see a rattlesnakeos "> RattlesnakeOS is a DIY thing
05:53:02 <cn3m[m]> it is super cool
05:53:06 <overheadscallop[> Graphene is to build a very secure OS
05:53:17 <cn3m[m]> they are in the AOSP Alliance irccloudy:
05:53:25 <cn3m[m]> iirc
05:56:27 <cloudy> calyxos has practically no one on reddit...i dont see many on irc either, do they have something else like matrix? where they chat/dev?
05:56:56 <cloudy> sorry...irc
05:57:00 <cloudy> they do have a bit
05:57:48 <cn3m[m]> yeah CalyxOS is very active and well developed
06:00:23 <cloudy> calyx institute makes me think of purism or risc-v ...just doing their own thing, better funded, rebrand everything, not cooperating with previous, like-minded projects
06:00:52 <cn3m[m]> cloudy: that is not at all accurate
06:01:23 <cn3m[m]> Purism is a pretty bad and misleading company. Calyx is very rational and works closely with other projects
06:01:24 <cloudy> risc-v had some explanation, maybe purism really wanted to avoid depending on ubuntu a private co...
06:01:44 <cn3m[m]> CalyxOS wrote the Seedvault backup that CalyxOS and GrapheneOS use
06:01:46 <cloudy> i still dont know calyx well, but this space seems crowded for secu+privacy android forks
06:02:15 <cloudy> y not just cooperate on fewer "distros"
06:02:15 <cn3m[m]> CalyxOS is focused on the out of the box experience which is important
06:02:43 <jneplokh> Huh never heard of Rattlesnake before, looks really cool
06:03:00 <cn3m[m]> <cloudy "y not just cooperate on fewer "d"> RattlesnakeOS is DIY project. CalyxOS is for people who need a respectful setup of them and might not be as tech savvy or anti google
06:03:28 <cloudy> or perhaps rattlesnake or GOS could (?) (no hate!) merge with/be acquired by calyx?
06:03:30 <cn3m[m]> GrapheneOS is sort of the no compromises security and privacy turn it up to 11 experience
06:03:48 <cloudy> ah
06:03:54 <cloudy> but y no microg yet?
06:04:10 <cn3m[m]> microg is not ideal for security and privacy by GrapheneOS standards
06:04:23 <zxwayland> You mean Level 4000?
06:04:28 <cloudy> ...and privacy?!
06:04:36 <cloudy> what is used instead to avoid google
06:04:51 <cn3m[m]> <cloudy "...and privacy?!"> yes, some people don't like the connections to google and the google cloud messaging
06:05:00 <cn3m[m]> It minimizes Google usage
06:05:03 <jneplokh> Yeah, Calyx is the way to go for users who just want extra privacy and security, but not ready to take a huge plunge lol (and/or want more freedom than iOS)
06:05:41 <cn3m[m]> yeah iOS and CalyxOS are always at the top of my lists to recommend to family
06:05:53 <cloudy> i know microg is still wip, but does calyx-microg mostly just work, except for known issues, like people missing a good google maps alt, etc?
06:06:38 <cn3m[m]> Magic Earth works on both
06:06:52 <cloudy> theres a bunch of tv providers here offering their service on essentially an android app, something on a tv box of their choice...
06:07:22 <cn3m[m]> microG is inherently reliant on Google it is just rebuilding Google Play Services open source and removing harmful features
06:07:25 <cloudy> anyone gotten such a tv/iptv app working...like something official, not bootleg, where major local channels are available for subscription/pay
06:08:03 <cloudy> ...like anywhere in the world...i need to have some hope to even buy a device/flash and try these apps myself
06:08:18 <cn3m[m]> cloudy: if you have an Android disable Google Play Services and see if the app works
06:08:29 <cloudy> !
06:08:56 <cn3m[m]> Disabling gapps is all you need to do
06:08:57 <cloudy> is that reliable to know if itll work without flash/risk bricking device/installing GOS/calyx rom?
06:09:13 <sushiman[m]> how to get subscriptions working on newpipe?
06:09:19 <cn3m[m]> <cloudy "is that reliable to know if itll"> yes the sandbox isolates the Google Play Services and can turn it off at any time when you disable it
06:09:21 <cn3m[m]> it is safe
06:09:25 <cn3m[m]> just do it from settings
06:09:44 <cloudy> safe = reversible? ill still backup maybe...
06:10:04 <cn3m[m]> <cloudy "safe = reversible? ill still bac"> yes it is reversible
06:11:30 <overheadscallop[> <sushiman[m] "how to get subscriptions working"> https://newpipe.schabi.org/FAQ/tutorials/import-export-data/
06:19:27 <cloudy> "Our membership growth was assisted by a generous grant for Google Ads, allowing Calyx to
06:19:27 <cloudy> reach potential members"
06:20:00 <cloudy> well thats interesting...feels astroturf-y
06:32:59 <mrmanpants[m]> is there a way to disable fast charging?
06:34:02 <cn3m[m]> <cloudy ""Our membership growth was assis"> Many open source projects advertise
07:10:56 <cloudy> ok even more unusual...last report 2018-2019 has 2100+ members and 1.1mil donations, or about 500$ per person, they have 3 membership levels rn, 2 of which are indeed around that amount, except they are offering free unlimited 4g internet...
07:11:25 <cloudy> either they offered the 4g internet for very cheap or people are paying for something that is otherwise already freeish...
07:12:22 <cn3m[m]> donations can be beyond subcriptions
07:12:32 <cloudy> ive seen vids on yt where you just need to buy a 4g modem/usbdongle/hotspot and it just works for as long as the 4g towers are on/up (old g systems get eventually shut down)
07:50:03 <ura[m]1> good day everyone
08:12:56 <ura[m]1> My pixel 3a should arrive in a few hours max
08:31:24 <za_vilfp8kn0pcyh> Hope it isn't G020E
08:31:37 <ura[m]1> what does g020e mean?
08:33:25 <ura[m]1> oh its with the model
08:34:59 <ura[m]1> according to my 5 mins of research I should get a g020F, as I ordered from a german retailer and live in germany
08:35:25 <ura[m]1> za_vilfp8kn0pcyh-tfcfvapg77a what if it is g020E?
08:42:17 <za_vilfp8kn0pcyh> Verizon model, you can check on regulatory label on about phone
08:42:30 <za_vilfp8kn0pcyh> And verizon means not OEM unlockable
08:43:08 <ura[m]1> oh okay
08:43:26 <ura[m]1> I should be fine, as I'm EU, but will have to see
08:55:11 <ura[m]1> Looks like installing graphene will be a rather quick process
08:55:26 <ura[m]1> Thank god there is a shell script taking care of most things
09:32:12 <greenmoon[m]> How is the new lineage network isolation toggle to block internet per app compared to the grapheme os one? It's basically the same thing?
09:32:31 <greenmoon[m]> https://review.lineageos.org/q/topic:%22ten-network-isolation%22+(status:open%20OR%20status:merged)
09:33:27 <q22[m]> > Thank god there is a shell script taking care of most things
09:33:27 <q22[m]> Quick and easy
09:35:53 <sphinxpy[m]> Has anyone used the guest user account in graphene and is there a use case it could come in handy? Isolation from main account for untrusted apps?
09:40:31 <q22[m]> Not really, but I have like 5 oder 6 profiles for different use cases.
09:40:43 <q22[m]> or
09:42:32 <sphinxpy[m]> I had one appear randomly and thought it was odd but got to thinking if it was more isolated than "normal" android and if it would be useful
09:51:43 * q22[m] uploaded an image: IMG_20200722_115113.jpg (194KB) < https://matrix.org/_matrix/media/r0/download/matrix.org/YkvGKunZaYdJKoVSVaqvVFVQ >
09:52:28 <q22[m]> AFAIK this is the only difference between a secondary and a guest account
09:53:56 <sphinxpy[m]> Sweet. Thanks for helping clarify that for me.
10:25:18 <jalb> Do you know if there is any difference in Gos using a user mode or a guest mode related to security or privacy?
10:25:21 <travankor_> can you share the kernel source?
10:25:50 <jalb> I don't know if guest mode has something different from user mode
10:26:22 <jalb> Or if it's only to share the phone with another  person
10:29:50 <asd123[m]> travankor: if you meant me, the description and various links can be found here https://forum.xda-developers.com/pixel-4-xl/development/kernel-cleanslate-v1-0-0-t4027435
10:30:24 <ura[m]1> currently doing the first setup of my pixel 3a
10:36:22 <ura[m]1> alright, enabled oem unlocking and usb debugging. downloading firmware update now
10:51:52 <ura[m]1> rip. the pixel 3a doesn't have an micro SD card slot
11:07:30 <ura[m]1> currently flashing the stuff. fingers crossed that everything goes well
11:12:32 <ura[m]1> Done, now gotta install some apps and I'm gold
11:15:25 <joeri_poeri[m]> f droid is a great start. you can get most things from there.
11:23:26 <q22[m]> jalb: these are the differences in general
11:23:34 * q22[m] uploaded an image: IMG_20200722_115113.jpg (194KB) < https://matrix.org/_matrix/media/r0/download/matrix.org/HaVqtuUHEcAZRMAedcVImkcZ >
11:24:24 <jalb> q22[m], only that?, do they share the same (user or guest)?
11:24:38 <jalb> Wifi, bluetooth...
11:25:37 <q22[m]> The quick deletion could come in handy
11:25:49 <jalb> ok thxz
11:25:52 <jalb> thanks
11:26:02 <q22[m]> It's basically one swipe and three taps
11:26:07 <jalb> Yes
11:26:32 <jalb> What about the phone calls?, is it the same as the user?
11:26:45 <jalb> only receiving calls?
11:28:22 * q22[m] uploaded an image: IMG_20200722_132750.jpg (15KB) < https://matrix.org/_matrix/media/r0/download/matrix.org/faXzoxzRHKXxVqeAuvAzBkhV >
11:28:26 <q22[m]> You can turn it on
11:28:54 <jalb> Yes, I mean if I don't do it, is the same as another user?
11:28:59 <q22[m]> It does share the owner's WiFi
11:29:21 <q22[m]> Previously connected Bluetooth devices are not listed
11:29:54 <q22[m]> *that have been connected to the owner profile
11:29:57 <dreth[m]> <overheadscallop[ "dreth: https://freenode.logbot.i"> Ohh okay, thanks!!
11:30:23 <jalb> q22[m], thanks!, then it's the same as another user profile
11:33:19 <q22[m]> It is
11:33:52 <jalb> ok
12:06:29 <asd123[m]> <asd123[m] "Hey, so I have a couple of quest"> Update to this. I tried using the CleanSlate kernel on various GSI ROMs and it is okay. It does create a pink hue at low brightness, which is just as bad as the flickering. However, forcing 60 Hz at low brightness works well. That being said, the camera doesn't want to work with the kernel, so, for the time being, I'll just go back to GOS and suck it up.
12:24:38 <ura[m]1> so, whats the "correct" way to use whatsapp again?
12:24:42 <ura[m]1> Use it with a profile?
12:30:55 <theultron[m]> Does Whatsapp work without Gapps? I heard it's not working without gapps.
12:31:54 <theultron[m]>  * Does Whatsapp work without Gapps? I heard it's not working without gapps in latest version.
12:32:09 <ura[m]1> It worked without gapps on the anbox emulator
12:32:29 <theultron[m]> I am not a GOS user but LOS user. It follows the same user profile implementation. So here's how I divide the apps.
12:33:58 <theultron[m]> Primary User Profile: OS+FOSS Apps.
12:34:15 <theultron[m]> Secondary User Profile: Closed Source Apps.
12:34:52 <theultron[m]> Third User Profile: Aegis 2FA + Keepass DX. No internet access in this profile.
12:42:46 <ura[m]> So its like multiple users right?
12:43:50 <theultron[m]> The implementation is same as in GrapheneOS. I keep switching between profiles as required.
12:43:57 <theultron[m]>  * The implementation is same as in GrapheneOS. I keep switching between users as required.
12:44:05 <theultron[m]>  * Yes. The implementation is same as in GrapheneOS. I keep switching between users as required.
12:45:39 <LinusSexTips[m]> <theultron[m] "Does Whatsapp work without Gapps"> Yes it does, just notifications can sometimes be delayed
12:47:50 <LinusSexTips[m]> Also, how does that work using KeePass in a different profile? I usually use random 50 character passwords that I copy paste.
12:48:40 <ura[m]> I think I'll do all on one user then for now
12:49:33 <I3^RELATIVISM> Is there any plan/port to support devices like pinephone/necuno/etc
12:50:00 <ura[m]> None that we know of right now
12:50:36 <LinusSexTips[m]> NFC Yubikeys work on Graphene, right?
12:51:01 <I3^RELATIVISM> yeah probably wouldnt be the best being that the unofficial android build for it is no that good
12:51:32 <Zerock> Is there a way to force Vanadium to use a proxy server? The standard chrome://proxy menu appears to have been removed.
13:22:19 <Kurai> 630 users left
13:22:26 <Kurai> good job matrix
13:23:37 <I3^RELATIVISM> <Kurai "good job matrix"> the irc bridge isbeing worked on
13:29:31 <homesteadhacker[> Hello.  Anyone in the states have experience activating on Spectrum (Verizon) ?  I have a SIM card on the way and wondering if I should activate my unlocked Pixel 3 before, or after installing GrapheneOS?
13:47:42 <za_vilfp8kn0pcyh> I'd ask something here
13:47:53 <za_vilfp8kn0pcyh> Is the split screen option available on GrapheneOS?
13:49:12 <za_vilfp8kn0pcyh> Nvm
13:49:19 <za_vilfp8kn0pcyh> Kinda had a brainfart
14:28:20 <alicebobandeve> <theultron[m] "Does Whatsapp work without Gapps"> Yes
14:28:53 <alicebobandeve> My sister is on WhatsApp with GOS
14:28:56 <alicebobandeve> Latest update
14:44:41 <dorrimi23[m]> <alicebobandeve "Yes"> Yes
14:47:57 <joshman[m]> It works flawlessly unfortunately. Better than Signal
14:51:04 <joshman[m]> That's a huge disadvantage of most Foss. They just suck due to lack of financial motivation
14:52:43 <joshman[m]> * That's a huge disadvantage of most Foss. They just suck due to lack of financial incentive
14:53:20 * prisonplanet[m] uploaded an image: Screenshot_20200722-164322.png (1188KB) < https://matrix.org/_matrix/media/r0/download/matrix.org/pAlMUrlnJvcEhKFNhQexiBll >
14:53:22 * prisonplanet[m] uploaded an image: Screenshot_20200722-164414.png (111KB) < https://matrix.org/_matrix/media/r0/download/matrix.org/VtxVMWYexKMrWTUfmonbtmgj >
14:53:27 * prisonplanet[m] sent a long message:  < https://matrix.org/_matrix/media/r0/download/matrix.org/evFPFWlsBUXkKbYLoyATRazX >
14:57:26 <joshman[m]> I have this same nagging notification just like yours since like 2 updates ago. So happy I'm not the only one. I'm on 3XL
14:58:38 <joshman[m]> Exactly the same issue with OEM charger. I thought my charger is broken so I only use wireless charger ever since this began
15:11:44 * zenitq sent a long message:  < https://matrix.org/_matrix/media/r0/download/matrix.org/nNsaAvxUlkASinDXZsgYHOYD >
15:13:50 <prisonplanet[m]> thk for reply
15:14:09 <prisonplanet[m]> yes i have rebooted several times, not change anything
15:17:05 <prisonplanet[m]> <joshman[m] "I have this same nagging notific"> Yes, there's an extremely annoying bug I don't understand.
15:18:26 <prisonplanet[m]> "Also there is an setting for USB accessories under "Security", might be worth trying to disable that"
15:19:16 <zenitq> Have you tried if usb-c earbud work?
15:19:31 <prisonplanet[m]> --> That setting was always "Allow USB peripheral nose when unlocked."
15:19:31 <prisonplanet[m]> I changed it to "Allow new uSB peripherals."
15:19:31 <prisonplanet[m]> I'm gonna try and see if it works or not.
15:20:57 * zenitq sent a long message:  < https://matrix.org/_matrix/media/r0/download/matrix.org/KXiQpkZMaSSjGSWKicFMlCug >
15:22:08 <prisonplanet[m]> <zenitq "Have you tried if usb-c earbud w"> I tried at this moment, it work, when i plug the officiel usb-c earbud, the persistent nofitication disappear
15:22:58 <prisonplanet[m]> When I take the headphones off, the notification reappears...
15:23:56 <zenitq> Hmm..
15:24:20 <zenitq> So the port itself seems to be working, somewhat.
15:25:36 <prisonplanet[m]> I reboot, see if the setting in "Secure" - "Allow new peripheral"
15:25:36 <prisonplanet[m]> is going to change anything or not
15:27:03 <prisonplanet[m]> The "Charging connected device via USB" notification
15:27:04 <prisonplanet[m]> "Tap for more options." is still here...
15:27:04 <prisonplanet[m]> nothing's changed, everything's the same again...
15:28:28 <prisonplanet[m]> I only have one option left, full formatting... This is gonna fuckin' piss me off. wtf is that
15:29:22 <zenitq> You are not alone, and seems like the issue is NOT related to GrapheneOS. Only advice that I can give is factory reset, and if that doesn't solve it. I would contact Google or where ever you bought the device
15:29:22 <zenitq> https://www.reddit.com/r/GooglePixel/comments/a2yzrj/charging_issue_with_pixel_3xl/
15:29:41 <zenitq>  * You are not alone, and seems like the issue is NOT related to GrapheneOS. Only advice that I can give is factory reset, and if that doesn't solve it I would contact Google or where ever you bought the device
15:29:41 <zenitq> https://www.reddit.com/r/GooglePixel/comments/a2yzrj/charging_issue_with_pixel_3xl/
15:33:05 <zenitq> https://support.google.com/pixelphone/thread/21094119?hl=en
15:33:43 <prisonplanet[m]> I bought a second hand Pixel3XL to install GOS, it's fucking unacceptable that there's such a problem, goddamn it
15:33:43 <prisonplanet[m]> Everything was working perfectly for months, and then it suddenly occurred
15:33:43 <prisonplanet[m]> Well, I'll try total formatting unfortunately...
15:34:53 <zenitq> Actually reading the comments on Google's support page, factory reset only temporarily helps
15:35:52 <prisonplanet[m]> Thanks for your help anyway brother
15:36:52 <zenitq> Do you have isopropyl alcohol in hand? Cleaning the port thoroughly with that has solve the issue for some.
15:37:04 <zenitq>  * Do you have isopropyl alcohol in hand? Cleaning the port thoroughly with that has solved the issue for some.
15:38:10 <prisonplanet[m]> <zenitq "Do you have isopropyl alcohol in"> Yes, a guy would've fixed that by cleaning the harbor with alcohol, I'm gonna try like he did.
15:38:55 <zenitq> Make sure that you turn off the phone and let it dry if you use a "lot" of liquid
15:39:08 <prisonplanet[m]> Sure bro
15:40:30 <zenitq> https://www.multitopicblog.com/solved-google-pixel-charging-connected-device-via-usb-wont-go-away/
15:43:42 <prisonplanet[m]> thank you bro
15:43:42 <prisonplanet[m]> It's exactly the same problem I have.
15:43:42 <prisonplanet[m]> I'll give it a quick try, tell you if it worked.
15:44:24 <joshman[m]> Cleaning USB port won't help
15:44:47 <joshman[m]> This nag notification is on my phone for some 2 months
15:47:39 <prisonplanet[m]> <joshman[m] "This nag notification is on my p"> We need to try this https://www.multitopicblog.com/solved-google-pixel-charging-connected-device-via-usb-wont-go-away/
16:20:22 <applescruff_53[m> GrapheneOS installed on Pixel 3a XL last week.
16:20:53 <applescruff_53[m> Found this site this a.m.
16:22:39 <applescruff_53[m> Is there any one here?
16:22:57 <userrioter[m]> Maybe.
16:23:32 <zenitq> Noup
16:30:11 <applescruff_53[m> After watching the video made by The Hated One on YouTube and another more detailed video byTFTC on how to install I got a new phone and was happy to see Graphene come up successfully.
16:33:12 <joshman[m]> <prisonplanet[m] "We need to try this https://www."> This won't help
16:33:31 <userrioter[m]> <applescruff_53[m "After watching the video made by"> I just saw your username and am curious, are you switching over from iOS?
16:33:50 <applescruff_53[m> This a.m. did the remote verification via the remote attestation service and looks like no problems.
16:34:23 <applescruff_53[m> yes, why do you ask?
16:36:12 <userrioter[m]> <applescruff_53[m "yes, why do you ask?"> I’m currently an iOS user too and recently got Graphene OS on a phone. It certainly is a shift and am just wondering which I should stick with. Are you going to switch or are you still checking it out?
16:43:47 <applescruff_53[m> I bought the phone on 7/12/2020. It arrived on Tuesday the14th.
16:44:47 <applescruff_53[m> I went to Best Buy on Wednesday and got a sim card.
16:48:32 <applescruff_53[m> I've since canceled the T-Molile service and got service with FreeUp which uses AT&T, which I used with my iPhone. After a bit  of scrambling around with phone calls I got my old number ported to the Pixel. Yesterday i figured out how to make calls on my iPhone without a sim card.
16:49:26 <userrioter[m]> So you’re going all in for Graphene OS. That’s impressive
16:51:44 <userrioter[m]> At this point I’m mainly looking into how many of my apps are compatible and the camera image quality.
16:51:44 <userrioter[m]> I’m a little concerned though on how someone mentioned yesterday that the V1 signatures that Graphene OS uses may be more vulnerable to spoofing and therefore may be a concern when using banking and password manager apps on the device
16:52:25 <userrioter[m]> * So you’re pretty new to Graphene OS and going all in from the start. That’s impressive
16:53:55 <applescruff_53[m> I don't know anything about that. The research I've done so far convinces me this may be the most secure phone available today.
16:54:51 <userrioter[m]> I’m terms of backdoors and a nation state threat model, most likely yes
16:55:53 <applescruff_53[m> I've been using F-Droid  and Auroa Store to find some additional software.
16:56:54 <userrioter[m]> What kind of software?
16:57:59 * overheadscallop[ sent a long message:  < https://matrix.org/_matrix/media/r0/download/matrix.org/pokpGEbjEsnrUgBHFublrWNz >
16:59:20 <applescruff_53[m> Signal, Bromite, Fing, Magic Earth, Duckduckgo, Open Camera, Protonvpn, QR Android Barcode Scanner
17:00:10 <SchismXL[m]> That's the privacy starter park right there. Sure that's a meme.
17:00:27 <userrioter[m]> <overheadscallop[ "> <@userrioter:matrix.org> At th"> True although to get more apps besides the stock Graphene OS ones, don’t you predominantly rely on F-Droid and maybe even Aurora if you need more?
17:00:38 <cn3m[m]> That is why GrapheneOS 11 will not support F-Droid at launch(probably). It is F-Droid's issue
17:00:49 <cn3m[m]> Android 11 in general breaks it
17:01:22 <overheadscallop[> I will get the app directly from the developer or build it myself when Graphene migrates to Android 11
17:01:28 <userrioter[m]> So come 11, how will we get extra apps safely?
17:02:10 <userrioter[m]> And when is it estimated that Graphene OS will release the 11 version?
17:02:14 <cn3m[m]> <userrioter[m] "So come 11, how will we get extr"> Aurora Store doesn't take much work to fix the v1 issue
17:02:20 <cn3m[m]> so we will use that
17:02:43 <cn3m[m]> GrapheneOS 11 should be around a month after Android 11 iirc
17:03:02 <userrioter[m]> <cn3m[m] "so we will use that"> Will users need to tinker with anything to get Aurora V2/3 to work?
17:03:32 <userrioter[m]> Or will it be as seamless as it is currently?
17:03:37 <cn3m[m]> <userrioter[m] "Will users need to tinker with a"> no the devs should fix it I imagine
17:03:44 <cn3m[m]> GlassROM for example fixed this easily
17:05:26 <cn3m[m]> <userrioter[m] "Or will it be as seamless as it "> I am not sure how awkward it will be
17:05:57 <cn3m[m]> F-Droid probably won't be supported at launch so you will have to get the Aurora Store from the website
17:06:08 <cn3m[m]> and then the sideloaded apps will be a little borked(probably on Android 11 for a while) crashing when you first open them after install
17:06:11 <cn3m[m]> all good chances though
17:06:19 <cn3m[m]> just growing pains
17:06:33 <cdesai> the change is only for apps targeting API 30
17:06:40 <cdesai> so most apps, and F-Droid itself should be fine
17:07:10 <homesteadhacker[> Noob question:  I'm in the US (Verizon).  I have an unlocked Pixel 3, and a SIM card on it's way to me in the mail.  When it gets here, should I activate the phone before or after installing GOS?
17:08:17 <cn3m[m]> <cdesai "the change is only for apps targ"> the v1 change? Not the storage change right? I need to check it again
17:08:35 <userrioter[m]> <homesteadhacker[ "Noob question:  I'm in the US (V"> I don’t believe the Verizon version of Pixel can be OEM unlocked to flash Graphene OS
17:08:52 <cdesai> cn3m[m]: yes. and storage change wouldn't affect it either, apks are downloaded to app's internal data for security reasons
17:11:14 <userrioter[m]> * > <@homesteadhacker:matrix.org> Noob question:  I'm in the US (Verizon).  I have an unlocked Pixel 3, and a SIM card on it's way to me in the mail.  When it gets here, should I activate the phone before or after installing GOS?
17:11:14 <userrioter[m]> I don’t believe the Verizon version of Pixel can be OEM unlocked to flash Graphene OS on
17:12:11 <strcat> userrioter[m]: GrapheneOS does not use v1 signatures
17:12:51 <homesteadhacker[> @userrioter I didn't buy the phone from verizon, I bought it from a reseller and it's an unlocked phone.  Are you saying it's not compatible with verizon's network?
17:14:25 <applescruff_53[m> The Open Camera app from Aurora Store works great and the photos I took outside the other day are awesome, userriot.
17:14:44 <userrioter[m]> <homesteadhacker[ "@userrioter I didn't buy the pho"> It most likely is compatible with Verizon’s network. The ones sold by Verizon are generally the ones that can’t run Graphene OS
17:15:12 <cn3m[m]> userrioter: your invite failed
17:15:12 <anupritaisno1[m]> cn3m: time to fid an edl exploit to unlockthese phones then
17:15:12 <cn3m[m]> <homesteadhacker[ "@userrioter I didn't buy the pho"> that should be fine
17:15:12 <cn3m[m]> you just don't want to buy it directly from Verzion
17:15:19 <homesteadhacker[> ok so does it matter when I activate it (before or after GOS install) ?
17:16:15 <cn3m[m]> <anupritaisno1[m] "cn3m: time to fid an edl exploit"> that happened with the Pixel OG
17:16:16 <cn3m[m]> they are both unlockable with an exploit on Verizon
17:16:38 <userrioter[m]> <applescruff_53[m "The Open Camera app from Aurora "> Thanks! I read somewhere that you could now get the Pixel’s original camera APK to regain most of the original processing and features. Would you recommend the Open Camera route over this APK either way then?
17:16:45 <applescruff_53[m> I installed GOS before doing anthing else.
17:17:42 <userrioter[m]> <strcat "userrioter: GrapheneOS does not "> I was referring to F-Droid and the Aurora Store since most people will get their other apps from there
17:18:21 <jhammons> Open Camera seems superior in my experience.
17:18:23 <jhammons> Aurora is great also for random things. Does GOS support F-Droid? I would think? Sorry, I am new.
17:19:28 <applescruff_53[m> not sure on that . I only read that the software installed as stock did not take advantage of Pixels cameras features.
17:21:48 <cn3m[m]> Techlore has a good video comparing them on GrapheneOS
17:29:41 <strcat> userrioter[m]: Aurora Store doesn't have that issue either
17:30:18 <g65434-2[m]> <jhammons "Aurora is great also for random "> of course it does
17:30:56 <g65434-2[m]> <applescruff_53[m "not sure on that . I only read t"> cause there are some prop bits for gcam
17:31:06 <g65434-2[m]> hence not included
17:31:29 <g65434-2[m]> not 100% sure though, aint a big photograph person
17:31:54 <g65434-2[m]> * cause there are some prop bits for gcam and gapps deps
17:42:30 <userrioter[m]> Does anyone know if installing partially or completely non open source apps from the Aurora Store such as Brave Browser or Netflix would pose a security risk due to their close source nature or does Graphene OS’ compartmentalization eliminate these risks?
17:42:30 <userrioter[m]> Also, any ideas on an alternative to Brave Browser to block ads on YouTube and other sites’? The goal is to be able to use other browsers and not have to deal with ads
17:44:03 * g65434-2[m] sent a long message:  < https://matrix.org/_matrix/media/r0/download/matrix.org/cvjOpXxhgUfGdpYrpnIRIdQK >
17:44:40 <g65434-2[m]> vanadium can block ads if you use DoT via private DNS like adguard
17:45:42 <g65434-2[m]> but each app is isolated so unless you use something like UC browser or some shady stuff, you don't actually risk a lot in practise
17:46:24 <userrioter[m]> <g65434-2[m] "vanadium can block ads if you us"> What’s DoT?
17:47:06 <userrioter[m]> And would Bromite or the Graphene OS default browser be a more secure option that can still block YouTube ads?
17:47:11 <g65434-2[m]> DNS over TLS
17:47:17 <ruddo[m]> DNS over TLS i asume.
17:47:29 <g65434-2[m]> you can use newpipe for youtube
17:48:00 <g65434-2[m]> you should def use vanadium over bromite however
17:48:06 <userrioter[m]> How do I do that? And can I still run Proton VPN while using AdGuard DNS?
17:48:25 <g65434-2[m]> installing fdroid
17:48:37 <g65434-2[m]> and yes, given private DNS doesn't use VPN
17:48:43 <g65434-2[m]> but what for ?
17:50:35 <userrioter[m]> <g65434-2[m] "but what for ?"> What are you referring to?
18:48:32 * userrioter[m] uploaded an image: ima_aa42687.jpeg (613KB) < https://matrix.org/_matrix/media/r0/download/matrix.org/vsmUglVSxJaTHQOHYZndpSAa >
18:48:33 <userrioter[m]> I found Proton VPN on F-Droid but don’t see a publisher. Is this version legit or should I get it from the Aurora Store?
18:48:55 <userrioter[m]> * I found Proton VPN on F-Droid but don’t see a publisher. Is this version legit or should I get it from the Aurora Store?
18:48:55 <userrioter[m]> https://f-droid.org/packages/ch.protonvpn.android
18:54:57 <userrioter[m]> I also noticed that the Aurora Store version is version 2.3.12 while F-Droid’s is 2.2.3
18:55:02 * userrioter[m] uploaded an image: ima_8dbf332.jpeg (483KB) < https://matrix.org/_matrix/media/r0/download/matrix.org/EeLizgaEgijUEXtEWKvQxMAq >
18:55:31 <userrioter[m]> * I also noticed that the Aurora Store version is version 2.3.12 while F-Droid’s is 2.2.3
18:55:31 <userrioter[m]> https://play.google.com/store/apps/details?id=ch.protonvpn.android
18:57:08 <overheadscallop[> f-droid is slow with updates
19:00:06 <userrioter[m]> 🤔
19:00:49 <fll[m]> userrioter: fdroid is generally slower than the play store since they build all the apps themselves on their own servers, in contrast to play store letting devs upload their own binaries. That is also the reason why fdroid and play store apps are not compatible to update over another. Apps from fdroid are signed with fdroid keys while the same app from play store is signed with devs keys
19:01:47 <fll[m]> I just use play store (aurora) version of apps that are available on both
19:01:53 <userrioter[m]> So when possible, Aurora Store > F-Android?
19:02:12 <userrioter[m]> Gotcha, thanks 👍
19:04:00 <fll[m]> Up to you what you prefer but I like being up to date :P
19:05:12 <prisonplanet[m]> <joshman[m] "This won't help"> İ have cleaned the usb C port with 90% alcohol but it didnt change anything
19:05:19 <prisonplanet[m]> Fuck this shit
19:05:39 <prisonplanet[m]> İ have no other option left than factory reset
19:05:57 <prisonplanet[m]> This is insane that a bug like this occur in pixel 3XL
19:35:55 <mrmanpants[m]> hey eeryone, so im using a SIP number with no SIM installed.  everytime i make a call, it asks me to 'choose SIM for this call' with the options of 'Emergency calls' or my SIP account.  any way to make it just default to my SIP account and not ask me?
19:39:45 <mrmanpants[m]> and i'm using the built in phone app
20:33:44 <nickcalyx[m]> > hey eeryone, so im using a SIP number with no SIM installed.  everytime i make a call, it asks me to 'choose SIM for this call' with the options of 'Emergency calls' or my SIP account.  any way to make it just default to my SIP account and not ask me?
20:33:44 <nickcalyx[m]> Good question. Your setup is an edge case that we apparently didnt consider
20:36:18 <nickcalyx[m]> Ops wrong.room
20:53:48 <userrioter[m]> Does anyone know how I can fix Tor not being able to connect? I allowed it all settings and even tried it without any VPNs nor Netguard enabled
20:54:36 * userrioter[m] uploaded an image: ima_5362416.jpeg (3599KB) < https://matrix.org/_matrix/media/r0/download/matrix.org/nCsKTgzSFoxsZaAFxLGBWbbW >
20:54:45 * userrioter[m] uploaded an image: ima_c976bfd.jpeg (3657KB) < https://matrix.org/_matrix/media/r0/download/matrix.org/nxdNkPFnrkkHZHkbNSBYxcUx >
20:56:06 * userrioter[m] uploaded an image: ima_519f951.jpeg (4448KB) < https://matrix.org/_matrix/media/r0/download/matrix.org/wORlXeAanMrmkPvYorfJAEHl >
21:00:45 * mrmanpants[m] sent a long message:  < https://matrix.org/_matrix/media/r0/download/matrix.org/TbiDymHFkCjoJvSXPoAmVowp >
21:01:13 <nickcalyx[m]> no I didn't mean to reply, I thought I was in another room
21:01:34 <nickcalyx[m]> that's the stock AOSP dialer so that's the expected behavior AFAIK
21:02:18 <tencarsb[m]> <userrioter[m] "So when possible, Aurora Store >"> Fdroid, always!
21:02:30 <nickcalyx[m]> I am sometimes in another room where we actually are modifying the dialer.   I don't know the answer to your question
21:41:37 <mrmanpants[m]> is there a way to set grapheneos so new apps have to ask for ALL permissions?  it seems they just get certain ones automatically, like network and sensors
21:49:40 <strcat[m]> mrmanpants: they do ask for all the regular permissions
21:49:54 <strcat[m]> network and sensors are special added permissions by GrapheneOS, not part of the normal permission model
21:50:36 <strcat[m]> they aren't disabled by default because that wouldn't retain compatibility with apps, which are not written specifically for GrapheneOS and don't know how to ask for those or otherwise handle them being disabled
21:51:13 <strcat[m]> mrmanpants:  apps cannot run before you have launched them, they start out in the force stopped state after being installed, you don't need anything special to be able to disable those before they can run, already how it works
21:51:34 <strcat[m]> BTW this has been discussed many times before here and on the subreddit
21:51:39 <strcat[m]> recommend searching first
21:57:30 <sushiman[m]> dont have GOS capability on my phone. I dont trust Stock OP rom very much, should I switch to LOS?
21:58:03 <sushiman[m]> Im already rooted and im not willing to unroot my phone so thats not a concern
21:58:43 <strcat> not on-topic
21:59:07 * userrioter[m] uploaded an image: ima_43d9100.jpeg (225KB) < https://matrix.org/_matrix/media/r0/download/matrix.org/IokevkfZzHQwcNqFmYGjsMJk >
22:00:25 <userrioter[m]> <userrioter[m] "Does anyone know how I can fix T"> Does anyone know a possible fix? I tried looking up the error message but nothing and up
22:02:07 <strcat[m]> make sure to use the most recent release not whatever F-Droid has
22:04:21 <RiotElement[m]> <strcat[m] "make sure to use the most recent"> I tried both versions and even the Aurora version gives me the same error
22:04:35 <RiotElement[m]> Orbit won’t run either
22:04:56 <anupritaisno1[m]> RiotElement: fdroid -> enable include incompatible, antifeature and beta options
22:04:59 <RiotElement[m]> * Orbot won’t run either
22:05:12 <anupritaisno1[m]> Install the beta release candidate
22:05:24 <anupritaisno1[m]> For orbot
22:07:12 <mrmanpants[m]> <strcat[m] "BTW this has been discussed many"> thanks for the info RE:permissions.  Not sure what you are referring to regarding the second reply though
22:07:59 <strcat[m]> mrmanpants: meaning many people have asked about this and it has been answered repeatedly, so if you search first you will find answers to questions like this without needing people to set aside more time to answer it again
22:10:34 <mrmanpants[m]> had to read it again.  your second reply was still referring to my permissions question i guess.  I thought you were refering to another question.  noted: will try searching reddit next time first
22:10:55 <strcat[m]> matrix can be searched too and there are logs of the IRC channel
22:10:59 <strcat[m]> mentioned in topic
22:13:34 <mrmanpants[m]> gotcha. new to matrix, thanks
22:37:07 <mrmanpants[m]> is there some trick to creating a new item on the built-in calendar app?
22:37:46 <cn3m[m]> don't use that app
22:37:47 <cn3m[m]> it is dead
22:37:50 <cn3m[m]> that's the trick
22:38:12 <mrmanpants[m]> oh, lol, ok.  recommendations for replacement?
22:38:28 <cn3m[m]> Etar
22:38:58 <mrmanpants[m]> thanks.  why is it included in the install if it's dead?
22:39:10 <strcat[m]> the built-in app is a sample app for viewing data from calendar backends
22:39:14 <strcat[m]> it's required for compatibility
22:39:22 <strcat[m]> we can't bundle Etar due to an incompatible license
22:39:44 <strcat[m]> we could potentially hide the sample calendar app launcher icon
22:39:57 <strcat[m]> there is an open issue, no one has stepped up to work on it or other similar issues about the sample apps
22:40:21 <RiotElement[m]> <anupritaisno1[m] "RiotElement: fdroid -> enable in"> I tried that but it’s still giving me the same error message
22:40:30 <strcat[m]> it is necessary to make sure removing the launcher icons (or outright removing the apps) doesn't break compatibility
22:40:41 <strcat[m]> by making sure it doesn't cause Compatibility Test Suite failures
22:40:46 <strcat[m]> also has to be implemented of course
22:53:17 <mrmanpants[m]> makes sense
23:51:09 <nickcalyx[m]> <strcat[m] "we can't bundle Etar due to an i"> what's the issue with Etar's license ?
23:51:59 <anupritaisno1[m]> GPL 3
23:57:21 <nickcalyx[m]> Yeah but whats wrong with GPL3
