00:29:30 <Jimmehh[m]> i can't seem to find the off topic in the search
00:29:33 <Jimmehh[m]> so idk
00:30:01 <Jimmehh[m]> i don't really use matrix or element so i'm not entirely sure how it works
00:37:47 <aeonsolution[m]> Jimmehh: https://app.element.io/#/room/!NKqyWWNTlbuXwOPMCt:matrix.org
02:42:30 <spoonhoarder82[m> What is the best app for calling real telephone numbers (like land lines) over WiFi only?
02:42:30 <spoonhoarder82[m> Since it doesn't look like I can get WiFi calling through any carrier, and since E-sims and google are a no-go, what (if anything) can be used to call phone lines using only WiFi?  Anyone know?
03:54:31 <entry1[m]> <arept "went to a local store today look"> Have to have the device IMEI number and have a Gmail account (has nothing to do with the phone, just required to use the service). Go to this URL: https://store.google.com/us/repaircenter
04:46:10 <ham5urg> Is it possible to build GrapheneOS against a Nexus5X?
04:48:18 <nickcalyx[m]> Its theoretically possible if you did all the work to port android 10 to the nexus 5x but why
04:48:19 <louipc> i think that misses a lot of hardware security features that are used now, so you'd have to disable, or strip stuff out at least
04:48:37 <JTL> ^
04:48:56 <ham5urg> I see, better buy a Pixel.
04:49:16 <louipc> i imagine it would be a ton of dev work yea
04:49:38 <cn3m[m]> <louipc "i think that misses a lot of har"> It missed a tremendous amount of security features and around a hundred unfixable security issues
04:49:46 <cn3m[m]> it is pointless to invest the time in
04:50:01 <louipc> what if u just wanna secure flashlight
04:50:35 <louipc> that looks like a phone lol
05:25:41 <anupritaisno1[m]> <ham5urg "Is it possible to build Graphene"> No
05:25:43 <anupritaisno1[m]> Older devices lack some things like the bootloader passing a random seed
05:26:00 <anupritaisno1[m]> They won't boot
05:26:50 <theultron[m]> <Jimmehh[m] "i'm more so worried about the na"> You can use an automation app like Tasker or Easer if it supports motion. Activate Android's Secure Lock Down (Disable FP/Face Unlock) on high motion activity or using proximity sensor.
05:50:56 <JTL> anupritaisno1[m]: to seed /dev/urandom?
11:58:32 <hultan[m]> I am trying to get the Swedish app (BankID) to work, since it is essential to swedes to identify themselves online when banking, etc. One site mentioned "by just disable GMSCore in the settings", but I don't know how to do that. Anyone here have any idea of how to do that? Link : https://github.com/microg/android_packages_apps_GmsCore/issues/824#issuecomment-536193879
12:05:12 <hultan[m]> I think it is the file com.google.android.gms that need to be disabled (or uninstalled)...
12:08:05 <hultan[m]> I know how to uninstall that package using adb, but it seems simpler to just disable it in the settings if possible.
12:41:59 <drossbox[m]> Hi all. I've been reading about the mac randomization, and am curious if in GrapheneOS it extends to the apps? Looking at the android docs, and app can still request the real mac by calling getWifiMacAddress() rather than  getRandomizedMacAddress(). Does Graphene mitigate this at all, or does the feature only benefit Re access points?
13:25:12 <jpds> drossbox[m]: Apps don't have access to the MAC address: https://grapheneos.org/faq#hardware-identifiers
13:29:42 <drossbox[m]> jpds: Thanks. That'll teach me for not reading properly.
13:41:07 <kickstart> hello
13:41:18 <kickstart> i have a security suggestion
13:41:34 <kickstart> now the phone can be turned off without entering the pin code
13:42:28 <kickstart> i suggest that it must be entered to switch the phone off, i think it will be useful if someone took the phone and tried to hide it and you call it to hear where it is
13:43:11 <theultron[m]> I don't think the above will work as holding the power button can override this.
13:44:42 <kickstart> samsung phones and huawei go this feature
13:45:09 <kickstart> if i have any programming background i would have investigated more
13:47:15 <theultron[m]> I think it was bypassable. https://www.youtube.com/watch?v=OnUATVAw3EE
13:48:33 <theultron[m]> https://www.youtube.com/watch?v=r0ll2lNA7HE
13:51:01 <kickstart> oh not good that is bypassable, but it will make it harder
14:13:16 <ham5urg> Is it possible to randomize at every reboot the MACs (Bluetooth and Wifi) as well as IMEI?
14:19:31 <chef[m]> MAC maybe but if you gonna spoof your IMEI things start breaking
14:30:57 <kickstart> is there a free node privacy and security group for pc
14:38:15 <sixBit[m]> Which map app do you use?
14:40:49 <bson989[m]> <sixBit[m] "Which map app do you use?"> I've been wanting to know this myself for GOS.
14:44:22 <marlow11[m]> I use osmAND
14:44:52 <marlow11[m]> Open street maps with navigation
14:45:01 <marlow11[m]> Been using it for years
14:46:54 <marlow11[m]> It's available on f-droid
16:12:29 <carl4315[m]> Is this an appropriate place to troubleshoot an issue?
16:41:00 <mastercakex[m]> Crazy to admit one thing I miss on Graphene is I can't launch games on it of which I only need one which is Peppa Pig that my daughter loves so much 😄😄
16:41:58 <Autopsy[m]> <mastercakex[m] "Crazy to admit one thing I miss "> Proprietary Pig
16:42:02 <mastercakex[m]> Oh, element added so many features since my last login. Good Signal substitutes are on its way? 👍🤙
16:46:49 <louipc> try #grapheneos-offtopic chan
16:58:39 <carl4315[m]> for support?
17:02:16 <Autopsy[m]> <carl4315[m] "for support?"> Sup? Support is fine
17:02:30 <nickcalyx[m]> > Crazy to admit one thing I miss on Graphene is I can't launch games on it of which I only need one which is Peppa Pig that my daughter loves so much 😄😄
17:02:31 <nickcalyx[m]> Are you sure it doesnt work
17:03:03 <carl4315[m]> <Autopsy[m] "Sup? Support is fine"> Great, I am going to copy in the steps I have taken and where I'm hitting a wall:
17:03:12 <louipc> no for chat about alternate apps and stuff
17:03:30 <carl4315[m]> <carl4315[m] "Great, I am going to copy in the"> - I am using a Virtual Machine with Ubuntu installed
17:07:30 <Autopsy[m]> carl4315  sounds like your device is rebooting into fastbootd and then not being found by the VM. Try unplugging and replugging it in when in fastbootd mode. If that doesn't work, either make a live USB of Ubuntu, or run the installer using Windows, which is also supported.
17:08:05 <Autopsy[m]> What problems are you having in Windows?
17:08:27 <carl4315[m]> ABS not finding the USB device
17:08:51 <Autopsy[m]> Have you set up platform-tools correctly?
17:09:18 <carl4315[m]> Fairly certain, I have done it 15+ times, re-downloaded- bootloader unlocked
17:09:38 <Autopsy[m]> Have you tried another USB cable?
17:09:42 <carl4315[m]> The VM seems to recognize the USB because it shows up in my devices
17:09:51 <carl4315[m]> I haven't...
17:10:31 <carl4315[m]> Just the one that came with the phone
17:13:19 <carl4315[m]> When doing the flash too, the phone is going through the rebooting and it's not like it's just sitting there
17:13:35 <Autopsy[m]> What phone you got?
17:13:48 <carl4315[m]> Sorry, I reread your original statement and I get what you are saying. The VM is "losing" the phone after the Fastbootd screen. This seems right
17:13:51 <carl4315[m]> I am going to try that step now
17:14:03 <Autopsy[m]> The USB-C to USB-C cable and the adaptor you get in the box are notorious for failing the GrapheneOS install. It's recommended to get decent quality USB A to C cable
17:14:04 <carl4315[m]> <Autopsy[m] "What phone you got?"> Pixel 3A
17:14:09 <carl4315[m]> <carl4315[m] "Pixel 3A"> not Verizon
17:15:29 <Autopsy[m]> That's fine then. Just wanted to know because of the power cable, but I think they all have that pesky adaptor.
17:16:18 <carl4315[m]> <Autopsy[m] "That's fine then. Just wanted to"> They sent it to me with a USB (old school idk what the hell you'd call it) to USB3.0
17:16:36 <carl4315[m]> But I am not using the adapter. Just the 3.0 from phone to computer
17:19:03 <Autopsy[m]> Gotcha, that should be okay, but depending on the quality of the cable, you might have problems. Maybe it is as simple as the VM not seeing the phone once it boots into fastbootd.
17:20:00 <carl4315[m]> <Autopsy[m] "Gotcha, that should be okay, but"> Thank you, working through that possibility now
17:26:18 <carl4315[m]> <carl4315[m] "Thank you, working through that "> I get the same problem. fastbootd screen comes up on the phone
17:26:40 <carl4315[m]> Seems to stop all the processing that is happening. Unplug and replug does not do anything I can see
17:27:04 <Autopsy[m]> In the VM, you running as root?
17:27:11 <Autopsy[m]> Or did you set up the udev rules?
17:27:25 <carl4315[m]> That is outside my understanding :/
17:27:33 <carl4315[m]> Is there a way to validate?
17:28:13 <carl4315[m]> Btw, when I look up "Devices" in the VM window I can see the Pixel 3a there
17:29:22 <Autopsy[m]> On Ubuntu, can you check
17:29:34 <Autopsy[m]> fastboot --version
17:32:19 * carl4315[m] uploaded an image: image.png (8KiB) < https://matrix.org/_matrix/media/r0/download/matrix.org/zVxbPULAlwFVReMCtpiOasIU/image.png >
17:33:16 <carl4315[m]> <Autopsy[m] "fastboot --version "> fastboot version 30.0.4-6686687
17:33:26 <carl4315[m]> Installed as /usr/local/bin/fastboot
17:40:59 <Autopsy[m]> Hmm okay
17:42:39 <Autopsy[m]> Only other thing I can suggest is a live USB of Ubuntu, install platform-tools as per the guide (not closing the terminal afterwards) and run ./flash-all.sh
17:43:32 <Autopsy[m]> And/or another USB cable
17:45:18 <carl4315[m]> Okay, I appreciate you taking the time. Any clue as to why, when going through windows, ABS would not find the device?
17:48:16 <Autopsy[m]> Drivers, maybe? platform-tools not set up correctly? USB cable? Haven't sacrificed your first born? Could be any number of reasons lol
17:51:24 <carl4315[m]> Hahaha, damnit I just want this shit to work already, I'll keep plugging away
17:52:44 <carl4315[m]> I thought someone told me that the Ubuntu through USB does not work for installing Graphene. Is this not true?
17:53:40 <Autopsy[m]> Works fine as a proper install or live USB
17:53:51 <Autopsy[m]> Worked for me anyways
17:54:15 <carl4315[m]> Okay, cool
18:16:48 <sadiesharkt[m]> Hi. I read the faq and didnt see my question answered. Forgive me if I missed it. What is the recommended app to use for navigating? (Like google maps)
18:18:48 <andresbs[m]> Try OSMand
18:29:45 <Autopsy[m]> <sadiesharkt[m] "Hi. I read the faq and didnt see"> Or Magic Earth
18:40:49 <sadiesharkt[m]> Is there a list of apps that can be used with the OS?
18:41:42 <louipc> that would be nice
18:51:51 <sadiesharkt[m]> lol i understand
18:51:55 <sadiesharkt[m]> Can I use plex based apps?
18:55:20 <Autopsy[m]> Search the logs. dazinism has a list, I believe if it's their website.
18:55:47 <anupritaisno1[m]> Guys I need testers
18:55:50 <anupritaisno1[m]> Pixel 2,3,4 (all variants)
18:55:51 <Autopsy[m]> Wouldn't it be better to just assume an app works until it doesnt?
18:55:54 <anupritaisno1[m]> Going to do R bringup
18:56:05 <anupritaisno1[m]> Message me what device you have
18:56:23 <WoC> Which linux distro is GrapheneOS based on ?
18:56:32 <anupritaisno1[m]> It's preparation for android R
18:56:53 <WoC> Oh, not Linux then ?
18:57:15 <sadiesharkt[m]> <Autopsy[m] "Wouldn't it be better to just as"> Not if I use the app a lot and it would be a deal breaker for me upgrading
18:57:19 <anupritaisno1[m]> Somebody else help this madlad
18:58:01 <cn3m[m]> <WoC "Which linux distro is GrapheneOS"> it is not based on a Linux distro
18:58:20 <WoC> Ok, just android ?
19:00:57 <WoC> I probably got the wrong idea about grapheneos, thinking it was a linux distro with android compability
19:01:24 <cn3m[m]> ohbeejay: yes if you follow the official install guide
19:01:33 <cn3m[m]> <WoC "I probably got the wrong idea ab"> it is not it is a hardened patchset on AOSP
19:01:40 <cn3m[m]> Linux distros are far too insecure to base on
19:02:00 <cn3m[m]> Linux distros also lack any basic privacy features
19:03:25 <WoC> On the other hand, you can run linux apps on linux
19:03:54 <WoC> not to mention gcc etc
19:06:22 <Autopsy[m]> <ohbeejay[m] "Hi all, can I ask questions abou"> Sup?
19:09:20 <ohbeejay[m]> Thanks all. I was following the instructions but apparently missed a step, I think. Let me try again and Ill reach out.
19:09:24 <eszklar[m]> <anupritaisno1[m] "Message me what device you have "> Pixel 3 here
19:09:47 <anupritaisno1[m]> But will you be willing to test?
19:10:08 <eszklar[m]> Sure.
19:10:20 <Autopsy[m]> <ohbeejay[m] "Thanks all. I was following the "> Let us know if there's any step you're stuck on.
19:15:21 <ohbeejay[m]> <Autopsy[m] "Let us know if there's any step "> Well, I'm a command line newb so I didn't use the official tutorial steps, instead I followed the guidance using teklore's video (where you extract, and then copy and paste the contents of the zip file into the adb folder). I then learned that I had to change the flash-all.bat file, which I did, and it appeared to install, but when I start the system I'm just seeing
19:15:21 <ohbeejay[m]> android and no Graphene OS splash screen as I saw on the teklore video.
19:16:48 <Autopsy[m]> Yeah, that's where most people go wrong is following his video.
19:17:06 <ohbeejay[m]> lol I figured. Is the copy and paste technique the issue?
19:17:21 <Autopsy[m]> Follow the guide on the website to the letter and you won't go wrong.
19:18:00 <Autopsy[m]> <ohbeejay[m] "lol I figured. Is the copy and p"> Perhaps, but it may also be the skipping certain steps in the video.
19:19:27 <anupritaisno1[m]> @eszklar:matrix.org: turn off encrypt to verified sessions only
19:20:32 <anupritaisno1[m]> I have testers for these:
19:20:32 <anupritaisno1[m]> Pixel 3, 3 xl
19:20:32 <anupritaisno1[m]> Pixel 4 (me)
19:20:57 <anupritaisno1[m]> paintedman pm if you want to help pixel 4 xl
19:21:24 <anupritaisno1[m]> Can we get 3a, 3a xl and pixel 2 users willing to test?
19:22:51 <anupritaisno1[m]> @eszklar:matrix.org: disable encrypt to verified sessions only
19:27:34 <ohbeejay[m]> <Autopsy[m] "Perhaps, but it may also be the "> I'll try it again - I didn't skip any steps in the video. One troubleshooting recommendation I was told to install all security updates on the phone prior to installing graphene. Would this be interfering with the installation?
19:30:26 <Autopsy[m]> ohbeejay there's no harm in updating to the latest stock Pixel release first. Wouldn't interfere with it, no.
19:31:28 <Autopsy[m]> Can be done OTA or from Google's site (think that wipes the device, too, but not 100% sure).
19:37:34 <alzxjm[m]> anupritaisno1: Testers for what?
19:38:44 <alzxjm[m]> I have a Pixel 4 XL.
19:39:57 <cdesai> ohbeejay[m]: which device are you trying to install it on?
19:40:13 <ohbeejay[m]> <cdesai "ohbeejay: which device are you t"> pixel 3
19:40:34 <cdesai> ok, it's 2020, you can just have your browser install the latest stock version
19:40:36 <cdesai> https://flash.android.com/build/6578210?target=blueline-user&signed
19:40:41 <anupritaisno1[m]> <alzxjm[m] "anupritaisno1: Testers for what?"> R
19:40:45 <cdesai> link comes from https://developers.google.com/android/images
19:40:58 <anupritaisno1[m]> Message me privately please
19:41:13 <cdesai> open that link in chrome on a different phone / pc / laptop - and just follow the instructions
19:47:05 <ohbeejay[m]> <cdesai "open that link in chrome on a di"> I can use this to flash graphene?
19:47:25 <cdesai> ohbeejay[m]: no, for graphene you follow the instructions on the website
19:47:37 <ohbeejay[m]> Yeah I'm trying to install graphene.
19:47:51 <cdesai> I know, that link was to update to the latest stock
19:50:11 <ohbeejay[m]> <cdesai "I know, that link was to update "> When I started this process, I updated it via wifi and it says I'm up to date. I asked earlier if my installation issues was because of my updated system, and I was informed that this doesn't impact the installation.
19:50:50 <Autopsy[m]> One day, GrapheneOS etc will be as simple as that, tbh.
19:50:51 <cdesai> It is recommened to make sure the device is running the latest stock.
19:50:51 <cdesai> Security patch should say August 2020 if it is
19:51:06 <ohbeejay[m]> <cdesai "Security patch should say August"> That's what I have.
19:51:35 <ohbeejay[m]> I'll keep poking around I appreciate the support!
19:52:58 <Autopsy[m]> beej, just follow the guide and it'll be fine. If you end up struggling, I'll walk you through it in a PM. Don't want to do it here and choke up the chat.
20:39:06 <Autopsy[m]> Another happy customer. Just walked ohbeejay through the install. Yay!
20:39:29 <ohbeejay[m]> <Autopsy[m] "Another happy customer. Just wal"> Amazing work!
20:40:12 <Autopsy[m]> Dunno if anyone has seen Harry Potter and the Half Blood Prince... But, I feel like there's some extra tricks required that get the potion just right, you know?
20:41:59 <kickstart> XD
20:42:50 <cdesai> does that make Daniel Snape?
20:44:04 <Autopsy[m]> I think I'm Snape in this situation lol
20:44:18 <Autopsy[m]> He's the author of the book
20:44:31 <Autopsy[m]> Advanced Potions
20:45:19 <cdesai> in all seriousness though, if something needed extra tricks, it can be documented, let us know as well.
20:45:53 <Autopsy[m]> For sure
20:46:01 <Autopsy[m]> Sec
20:47:08 <Autopsy[m]> So, on the guide where you've got to set your environment path, people tend to think that they have to go into the platform-tools folder, but it is the folder they've extracted it to, not the platform-tools folder itself.
20:47:21 <Autopsy[m]> That's the main hurdle I've noticed time and time again
20:48:26 <ohbeejay[m]> Maybe with Autopsy's help I can turn his instructions to me into a guide that you can just send that guide to folks or post it somewhere? It was very easy and intuitive to follow. I was a hair away from calling it quits - and more people need to install this OS!
20:50:32 <Autopsy[m]> Next, add the tools to your PATH in the current shell so they can be used without referencing them by file path, enabling usage by the flashing script.
20:50:32 <Autopsy[m]> On Linux and macOS
20:50:47 <Autopsy[m]> We should have something that states in the directory that the folder has been extracted, not the platform-tools folder itself.
20:50:48 <Autopsy[m]> E.g. home/user/downloads/gos/
20:50:48 <Autopsy[m]> Where gos is folder you've created and put all the zip files in
20:51:49 <Autopsy[m]> Typically, I've seen plenty of people run the env path command in .../gos/platform-tools/
20:51:49 <Autopsy[m]> Which won't work.
20:54:23 <Autopsy[m]> Even if we make the guide so it downloads all files into one folder.. e.g. "gos". Makes it so much simpler.
20:54:51 <Autopsy[m]> Anyways, it's late here, but I can have a look at just modifying that ever so slightly tomorrow and see if the changes are okay with peeps?
21:25:39 <lumpenqueer[m]> Is there a knowns problem with audio not playing? I'm not using a Bluetooth speaker or anything
21:26:35 <lumpenqueer[m]> Wait nvmnd it seems to be working now
21:26:39 <lumpenqueer[m]> F
21:44:05 <faxing[m]> Anyone else not able to update the APK of Signal on GrapheneOS?
21:44:07 <faxing[m]> Or is it just me?
21:44:35 <faxing[m]> It says my version is about to expire in 9 days and to click to update, but when I click it says "No such app found."
21:59:05 <dazinism> faxing: you can download a newer signal apk to update it from their apk download page, Google Play (via Aurora Store or otherwise), or a number of fdroid repos listed in the FDroid forum 'Known Repositories' topic
21:59:26 <dazinism> All of them are signed with the same signature
21:59:42 <dazinism> So will update fine
22:00:24 <dazinism> Pretty sure they are all identical (scraped from the apk download page) except the play store version
22:00:41 <dazinism> Play store version doesn't have the code that lets it self update
22:19:32 <faxing[m]> If I re download the apk from their website then won't I temporarily lose my conversations?
22:25:37 <nikitalita[m]1> anupritaisno1: I can test pixel 2, sent you a PM
22:31:40 <dazinism> <faxing[m] "If I re download the apk from th"> No, its the same as doing an update - often do this with some apps
22:32:15 <dazinism> You will get told whats happening and a chance to say yes / no
22:32:29 <dazinism> But it says you'll retain data
22:33:37 <faxing[m]> Ah okay
22:33:55 <faxing[m]> I've just been trying to verify the signature of the file but it wont work properly
22:34:17 <faxing[m]> I keep getting a different signature and I can't get the official apksigner tool to work
22:34:29 <dazinism> If you are updating it has go have the same signature, or the update fails
22:34:36 <faxing[m]>  * I keep getting a different signature if I do it with sha256sum on my fedora  pc and I can't get the official apksigner tool to work
22:35:10 <dazinism> faxing: https://hub.libranet.de/wiki/and-priv-sec/wiki/apps#Verifying_using_the_apk_signing_certificate
22:35:27 <dazinism> Can check on device
22:35:34 <dazinism> On the phone that is
22:36:05 <faxing[m]> It installed so I'm assuming that it was right or it wouldn't have installed if im interpreting you correctly
22:36:11 <faxing[m]> ill read that post in a moment by the way
22:36:13 <faxing[m]> thanks a ton for your help
22:36:24 <dazinism> When I say update fails, it just will not update if its not got the same signature
22:36:40 <dazinism> <faxing[m] "thanks a ton for your help"> No probs
22:38:58 <dazinism> <faxing[m] "I keep getting a different signa"> Its not the file hash sha256, but the sha256 fingerprint of the signature
22:39:50 <dazinism> Fingerprint of the cert the dev used to sign the apk
22:40:35 <dazinism> Hopefully that explanation isnt more confusing
